<?xml version="1.0" encoding="UTF-8"?>
<!-- Generated by org.testng.reporters.JUnitXMLReporter -->
<testsuite ignored="0" hostname="Aravind" failures="0" tests="4" name="Test" time="311.754" errors="0" timestamp="18 Jul 2024 12:55:50 GMT">
  <testcase classname="Bchat.TestScenarios.App_Lock_Screen_And_Its_functionalities" name="preSetup" time="49.594"/>
  <testcase classname="Bchat.TestScenarios.App_Lock_Screen_And_Its_functionalities" name="To_Validate_the_scrolling_in_both_upward_and_downward_direction" time="62.624"/>
  <testcase classname="Bchat.TestScenarios.App_Lock_Screen_And_Its_functionalities" name="To_Validate_working_of_Ok_and_Cancel_option_in_Screenlock_inactivity_timeout_functionality" time="8.41"/>
  <testcase classname="Bchat.TestScenarios.App_Lock_Screen_And_Its_functionalities" name="To_Validate_whether_able_to_select_all_timing_options_in_Screenlock_inactivity_timeout_functionality_And_Selected_option_Is_displayed_in_AppLock_Screen" time="159.69"/>
</testsuite> <!-- Test -->
