<?xml version="1.0" encoding="UTF-8"?>
<!-- Generated by org.testng.reporters.JUnitXMLReporter -->
<testsuite ignored="0" hostname="Aravind" failures="0" tests="50" name="Test" time="1977.771" errors="0" timestamp="2024-10-10T18:43:41 IST">
  <testcase classname="Bchat.TestScenarios.OneToOne_Chat_Screen_And_its_functionalities" name="PreSetup" time="120.31"/>
  <testcase classname="Bchat.TestScenarios.OneToOne_Chat_Screen_And_its_functionalities" name="To_Validate_whether_record_option_in_message_functionality_is_enabled_before_message_request_got_accepted" time="77.12"/>
  <testcase classname="Bchat.TestScenarios.OneToOne_Chat_Screen_And_its_functionalities" name="To_Validate_whether_attachment_option_in_message_functionality_is_enabled_before_message_request_got_accepted" time="98.665"/>
  <testcase classname="Bchat.TestScenarios.OneToOne_Chat_Screen_And_its_functionalities" name="setup_for_clear_data" time="116.96"/>
  <testcase classname="Bchat.TestScenarios.OneToOne_Chat_Screen_And_its_functionalities" name="To_validate_the_working_of_message_request_drop_down" time="60.291"/>
  <testcase classname="Bchat.TestScenarios.OneToOne_Chat_Screen_And_its_functionalities" name="To_validate_the_working_of_cancel_button_in_all_popup" time="62.753"/>
  <testcase classname="Bchat.TestScenarios.OneToOne_Chat_Screen_And_its_functionalities" name="To_Validate_whether_textbox_is_enable_before_accept_the_request" time="3.823"/>
  <testcase classname="Bchat.TestScenarios.OneToOne_Chat_Screen_And_its_functionalities" name="To_Validate_whether_attachments_is_enable_before_accept_the_request" time="18.496"/>
  <testcase classname="Bchat.TestScenarios.OneToOne_Chat_Screen_And_its_functionalities" name="To_Validate_whether_voice_record_is_enable_before_accept_the_request" time="15.752"/>
  <testcase classname="Bchat.TestScenarios.OneToOne_Chat_Screen_And_its_functionalities" name="To_Validate_whether_call_icon_showing_before_accept_the_request" time="82.128"/>
  <testcase classname="Bchat.TestScenarios.OneToOne_Chat_Screen_And_its_functionalities" name="To_validate_the_working_of_accept_option" time="6.028"/>
  <testcase classname="Bchat.TestScenarios.OneToOne_Chat_Screen_And_its_functionalities" name="To_Validate_whether_call_icon_showing_After_accept_the_request" time="0.245"/>
  <testcase classname="Bchat.TestScenarios.OneToOne_Chat_Screen_And_its_functionalities" name="To_Validate_the_working_of_delete_function_while_recording_voice_message" time="87.966"/>
  <testcase classname="Bchat.TestScenarios.OneToOne_Chat_Screen_And_its_functionalities" name="To_Validate_whether_able_to_enable_voice_call_using_shortcut" time="8.466"/>
  <testcase classname="Bchat.TestScenarios.OneToOne_Chat_Screen_And_its_functionalities" name="To_Validate_working_of_Mute_option_in_the_menu_bar" time="17.046"/>
  <testcase classname="Bchat.TestScenarios.OneToOne_Chat_Screen_And_its_functionalities" name="To_Validate_the_working_of_unmute_option_in_the_menu_bar" time="62.099"/>
  <testcase classname="Bchat.TestScenarios.OneToOne_Chat_Screen_And_its_functionalities" name="To_Validate_the_working_of_Block_option_in_the_menu_bar" time="19.216"/>
  <testcase classname="Bchat.TestScenarios.OneToOne_Chat_Screen_And_its_functionalities" name="To_Validate_whether_message_and_call_functionalities_are_enabled_during_contact_is_blocked" time="84.781"/>
  <testcase classname="Bchat.TestScenarios.OneToOne_Chat_Screen_And_its_functionalities" name="To_Validate_the_working_of_unblock_option_in_menu_bar" time="16.181"/>
  <testcase classname="Bchat.TestScenarios.OneToOne_Chat_Screen_And_its_functionalities" name="To_Validate_Search_option_in_the_menu_bar_with_valid_value" time="7.169"/>
  <testcase classname="Bchat.TestScenarios.OneToOne_Chat_Screen_And_its_functionalities" name="To_Validate_Search_option_in_the_menu_bar_with_invalid_value" time="50.643"/>
  <testcase classname="Bchat.TestScenarios.OneToOne_Chat_Screen_And_its_functionalities" name="To_Validate_the_working_of_the_Add_To_home_screen_option_in_menu_bar" time="47.764"/>
  <testcase classname="Bchat.TestScenarios.OneToOne_Chat_Screen_And_its_functionalities" name="To_Validate_All_media_screen_when_empty" time="3.513"/>
  <testcase classname="Bchat.TestScenarios.OneToOne_Chat_Screen_And_its_functionalities" name="To_Validate_Whether_able_to_send_Alphabets_both_in_uppercase_and_lower_case" time="24.407"/>
  <testcase classname="Bchat.TestScenarios.OneToOne_Chat_Screen_And_its_functionalities" name="To_Validate_the_navigation_to_message_details_screen" time="28.281"/>
  <testcase classname="Bchat.TestScenarios.OneToOne_Chat_Screen_And_its_functionalities" name="To_Validate_Whether_able_to_send_special_Characters" time="21.352"/>
  <testcase classname="Bchat.TestScenarios.OneToOne_Chat_Screen_And_its_functionalities" name="To_Validate_the_textbox_of_Messaging_Functionality_is_Allowing_the_Space_in_between_the_value" time="10.224"/>
  <testcase classname="Bchat.TestScenarios.OneToOne_Chat_Screen_And_its_functionalities" name="To_Validate_Whether_able_to_send_numerical_value" time="14.411"/>
  <testcase classname="Bchat.TestScenarios.OneToOne_Chat_Screen_And_its_functionalities" name="To_Validate_the_presence_of_placeholder_in_the_textbox_of_Message_functionality" time="1.135"/>
  <testcase classname="Bchat.TestScenarios.OneToOne_Chat_Screen_And_its_functionalities" name="To_Validate_whether_crusher_blink_on_clicking_the_textbox_of_Message_functionality" time="1.37"/>
  <testcase classname="Bchat.TestScenarios.OneToOne_Chat_Screen_And_its_functionalities" name="To_validate_whether_paste_option_is_working_on_the_textbox_Message_functionality" time="40.698"/>
  <testcase classname="Bchat.TestScenarios.OneToOne_Chat_Screen_And_its_functionalities" name="To_Validate_whether_the_value_entered_in_textbox_of_Message_functionality_is_editable_and_deleteable" time="12.62"/>
  <testcase classname="Bchat.TestScenarios.OneToOne_Chat_Screen_And_its_functionalities" name="To_Validate_whether_able_enter_a_lengthy_value_in_textbox_Message_functionality" time="44.892"/>
  <testcase classname="Bchat.TestScenarios.OneToOne_Chat_Screen_And_its_functionalities" name="To_Validate_Whether_able_to_send_null_value" time="109.664"/>
  <testcase classname="Bchat.TestScenarios.OneToOne_Chat_Screen_And_its_functionalities" name="To_Validate_the_Message_Functionality_response_without_internet" time="160.447"/>
  <testcase classname="Bchat.TestScenarios.OneToOne_Chat_Screen_And_its_functionalities" name="To_Validate_the_working_of_disappearing_message_in_on_condition" time="160.707"/>
  <testcase classname="Bchat.TestScenarios.OneToOne_Chat_Screen_And_its_functionalities" name="To_validate_the_working_of_disappearing_message_in_off_condition" time="11.66"/>
  <testcase classname="Bchat.TestScenarios.OneToOne_Chat_Screen_And_its_functionalities" name="To_Validate_whether_able_to_reply_received_message" time="17.89"/>
  <testcase classname="Bchat.TestScenarios.OneToOne_Chat_Screen_And_its_functionalities" name="To_Validate_whether_the_chat_history_present_above_message_textbox_is_deletable" time="7.553"/>
  <testcase classname="Bchat.TestScenarios.OneToOne_Chat_Screen_And_its_functionalities" name="To_Validate_whether_able_to_share_the_files_photos_in_the_note_to_myself" time="13.27"/>
  <testcase classname="Bchat.TestScenarios.OneToOne_Chat_Screen_And_its_functionalities" name="To_Validate_the_working_of_record_option" time="33.779"/>
  <testcase classname="Bchat.TestScenarios.OneToOne_Chat_Screen_And_its_functionalities" name="To_validate_the_all_media_with_image" time="8.084"/>
  <testcase classname="Bchat.TestScenarios.OneToOne_Chat_Screen_And_its_functionalities" name="To_validate_whether_able_to_enable_pay_as_you_chat_using_shortcut" time="28.998"/>
  <testcase classname="Bchat.TestScenarios.OneToOne_Chat_Screen_And_its_functionalities" name="To_validate_whether_able_to_disable_pay_as_you_chat_using_shortcut" time="80.481"/>
  <testcase classname="Bchat.TestScenarios.OneToOne_Chat_Screen_And_its_functionalities" name="To_Validate_whether_able_to_download_media" time="7.848"/>
  <testcase classname="Bchat.TestScenarios.OneToOne_Chat_Screen_And_its_functionalities" name="To_Validate_the_working_of_the_forwarding_media_files_option" time="4.678"/>
  <testcase classname="Bchat.TestScenarios.OneToOne_Chat_Screen_And_its_functionalities" name="To_Validate_whether_able_to_download_voice_Message" time="5.258"/>
  <testcase classname="Bchat.TestScenarios.OneToOne_Chat_Screen_And_its_functionalities" name="To_Validate_Whether_able_to_delete_voice_message_and_image" time="7.455"/>
  <testcase classname="Bchat.TestScenarios.OneToOne_Chat_Screen_And_its_functionalities" name="To_validate_the_working_of_the_call_icon" time="18.012"/>
  <testcase classname="Bchat.TestScenarios.OneToOne_Chat_Screen_And_its_functionalities" name="To_validate_the_working_of_the_decline_option" time="11.147"/>
</testsuite> <!-- Test -->
