<?xml version="1.0" encoding="UTF-8"?>
<!-- Generated by org.testng.reporters.JUnitReportReporter -->
<testsuite hostname="Aravind" failures="1" tests="24" name="Bchat.TestScenarios.SignIn_Fow_RestorefromBlockheight_Screen" time="180.065" errors="21" timestamp="26 Jun 2024 12:07:12 GMT" skipped="0">
  <testcase classname="Bchat.TestScenarios.SignIn_Fow_RestorefromBlockheight_Screen" name="closeApp" time="0.009">
    <error message="Connection refused: no further information
Build info: version: &#039;4.13.0&#039;, revision: &#039;ba948ece5b*&#039;
System info: os.name: &#039;Windows 11&#039;, os.arch: &#039;amd64&#039;, os.version: &#039;10.0&#039;, java.version: &#039;17.0.8&#039;
Driver info: io.appium.java_client.android.AndroidDriver
Command: [651f0a5a-24e6-424d-8f32-89d298833caa, quit {}]
Capabilities {appium:app: C:\Users\itsup\eclipse-work..., appium:appPackage: io.beldex.bchat, appium:appWaitActivity: com.thoughtcrimes.securesms..., appium:autoGrantPermissions: true, appium:automationName: UiAutomator2, appium:databaseEnabled: false, appium:desired: {app: C:\Users\itsup\eclipse-work..., appPackage: io.beldex.bchat, appWaitActivity: com.thoughtcrimes.securesms..., autoGrantPermissions: true, automationName: UiAutomator2, deviceName: one plus nord ce 3, fullReset: true, ignoreHiddenApiPolicyError: true, platformName: ANDROID, platformVersion: 13, udid: d6a08b3e}, appium:deviceApiLevel: 34, appium:deviceManufacturer: OnePlus, appium:deviceModel: CPH2467, appium:deviceName: d6a08b3e, appium:deviceScreenDensity: 480, appium:deviceScreenSize: 1080x2400, appium:deviceUDID: d6a08b3e, appium:fullReset: true, appium:ignoreHiddenApiPolicyError: true, appium:javascriptEnabled: true, appium:locationContextEnabled: false, appium:networkConnectionEnabled: true, appium:pixelRatio: 3, appium:platformVersion: 14, appium:statBarHeight: 107, appium:takesScreenshot: true, appium:udid: d6a08b3e, appium:viewportRect: {height: 2186, left: 0, top: 107, width: 1080}, appium:warnings: {}, appium:webStorageEnabled: false, platformName: ANDROID}
Session ID: 651f0a5a-24e6-424d-8f32-89d298833caa" type="org.openqa.selenium.WebDriverException">
      <![CDATA[org.openqa.selenium.WebDriverException: Connection refused: no further information
Build info: version: '4.13.0', revision: 'ba948ece5b*'
System info: os.name: 'Windows 11', os.arch: 'amd64', os.version: '10.0', java.version: '17.0.8'
Driver info: io.appium.java_client.android.AndroidDriver
Command: [651f0a5a-24e6-424d-8f32-89d298833caa, quit {}]
Capabilities {appium:app: C:\Users\itsup\eclipse-work..., appium:appPackage: io.beldex.bchat, appium:appWaitActivity: com.thoughtcrimes.securesms..., appium:autoGrantPermissions: true, appium:automationName: UiAutomator2, appium:databaseEnabled: false, appium:desired: {app: C:\Users\itsup\eclipse-work..., appPackage: io.beldex.bchat, appWaitActivity: com.thoughtcrimes.securesms..., autoGrantPermissions: true, automationName: UiAutomator2, deviceName: one plus nord ce 3, fullReset: true, ignoreHiddenApiPolicyError: true, platformName: ANDROID, platformVersion: 13, udid: d6a08b3e}, appium:deviceApiLevel: 34, appium:deviceManufacturer: OnePlus, appium:deviceModel: CPH2467, appium:deviceName: d6a08b3e, appium:deviceScreenDensity: 480, appium:deviceScreenSize: 1080x2400, appium:deviceUDID: d6a08b3e, appium:fullReset: true, appium:ignoreHiddenApiPolicyError: true, appium:javascriptEnabled: true, appium:locationContextEnabled: false, appium:networkConnectionEnabled: true, appium:pixelRatio: 3, appium:platformVersion: 14, appium:statBarHeight: 107, appium:takesScreenshot: true, appium:udid: d6a08b3e, appium:viewportRect: {height: 2186, left: 0, top: 107, width: 1080}, appium:warnings: {}, appium:webStorageEnabled: false, platformName: ANDROID}
Session ID: 651f0a5a-24e6-424d-8f32-89d298833caa
at io.appium.java_client.remote.AppiumCommandExecutor.lambda$execute$4(AppiumCommandExecutor.java:262)
at java.base/java.util.Optional.orElseGet(Optional.java:364)
at io.appium.java_client.remote.AppiumCommandExecutor.execute(AppiumCommandExecutor.java:261)
at org.openqa.selenium.remote.RemoteWebDriver.execute(RemoteWebDriver.java:602)
at org.openqa.selenium.remote.RemoteWebDriver.execute(RemoteWebDriver.java:675)
at io.appium.java_client.AppiumDriver.execute(AppiumDriver.java:313)
at org.openqa.selenium.remote.RemoteWebDriver.quit(RemoteWebDriver.java:437)
at Utiles.baseClass.closeApp(baseClass.java:131)
at java.base/jdk.internal.reflect.NativeMethodAccessorImpl.invoke0(Native Method)
at java.base/jdk.internal.reflect.NativeMethodAccessorImpl.invoke(NativeMethodAccessorImpl.java:77)
at java.base/jdk.internal.reflect.DelegatingMethodAccessorImpl.invoke(DelegatingMethodAccessorImpl.java:43)
at java.base/java.lang.reflect.Method.invoke(Method.java:568)
at org.testng.internal.MethodInvocationHelper.invokeMethod(MethodInvocationHelper.java:124)
at org.testng.internal.MethodInvocationHelper.invokeMethodConsideringTimeout(MethodInvocationHelper.java:59)
at org.testng.internal.Invoker.invokeConfigurationMethod(Invoker.java:458)
at org.testng.internal.Invoker.invokeConfigurations(Invoker.java:222)
at org.testng.internal.Invoker.invokeConfigurations(Invoker.java:142)
at org.testng.internal.TestMethodWorker.invokeAfterClassMethods(TestMethodWorker.java:214)
at org.testng.internal.TestMethodWorker.run(TestMethodWorker.java:111)
at org.testng.TestRunner.privateRun(TestRunner.java:648)
at org.testng.TestRunner.run(TestRunner.java:505)
at org.testng.SuiteRunner.runTest(SuiteRunner.java:455)
at org.testng.SuiteRunner.runSequentially(SuiteRunner.java:450)
at org.testng.SuiteRunner.privateRun(SuiteRunner.java:415)
at org.testng.SuiteRunner.run(SuiteRunner.java:364)
at org.testng.SuiteRunnerWorker.runSuite(SuiteRunnerWorker.java:52)
at org.testng.SuiteRunnerWorker.run(SuiteRunnerWorker.java:84)
at org.testng.TestNG.runSuitesSequentially(TestNG.java:1208)
at org.testng.TestNG.runSuitesLocally(TestNG.java:1137)
at org.testng.TestNG.runSuites(TestNG.java:1049)
at org.testng.TestNG.run(TestNG.java:1017)
at org.testng.remote.AbstractRemoteTestNG.run(AbstractRemoteTestNG.java:115)
at org.testng.remote.RemoteTestNG.initAndRun(RemoteTestNG.java:251)
at org.testng.remote.RemoteTestNG.main(RemoteTestNG.java:77)
Caused by: java.net.ConnectException: Connection refused: no further information
at java.base/sun.nio.ch.Net.pollConnect(Native Method)
at java.base/sun.nio.ch.Net.pollConnectNow(Net.java:672)
at java.base/sun.nio.ch.SocketChannelImpl.finishConnect(SocketChannelImpl.java:946)
at io.netty.channel.socket.nio.NioSocketChannel.doFinishConnect(NioSocketChannel.java:337)
at io.netty.channel.nio.AbstractNioChannel$AbstractNioUnsafe.finishConnect(AbstractNioChannel.java:334)
at io.netty.channel.nio.NioEventLoop.processSelectedKey(NioEventLoop.java:776)
at io.netty.channel.nio.NioEventLoop.processSelectedKeysOptimized(NioEventLoop.java:724)
at io.netty.channel.nio.NioEventLoop.processSelectedKeys(NioEventLoop.java:650)
at io.netty.channel.nio.NioEventLoop.run(NioEventLoop.java:562)
at io.netty.util.concurrent.SingleThreadEventExecutor$4.run(SingleThreadEventExecutor.java:997)
at io.netty.util.internal.ThreadExecutorMap$2.run(ThreadExecutorMap.java:74)
at io.netty.util.concurrent.FastThreadLocalRunnable.run(FastThreadLocalRunnable.java:30)
at java.base/java.lang.Thread.run(Thread.java:833)
]]>
    </error>
  </testcase> <!-- closeApp -->
  <testcase classname="Bchat.TestScenarios.SignIn_Fow_RestorefromBlockheight_Screen" name="preSetup" time="5.627"/>
  <testcase classname="Bchat.TestScenarios.SignIn_Fow_RestorefromBlockheight_Screen" name="TC_114_To_Validate_whether_crusher_blink_on_clicking_the_text_box_of_screen" time="2.495"/>
  <testcase classname="Bchat.TestScenarios.SignIn_Fow_RestorefromBlockheight_Screen" name="TC_115_To_Validate_the_presence_of_placeholder_in_the_text_box_of_the_screen" time="0.531">
    <failure message="expected [Display Name] but found [Enter name]" type="java.lang.AssertionError">
      <![CDATA[java.lang.AssertionError: expected [Display Name] but found [Enter name]
at org.testng.Assert.fail(Assert.java:96)
at org.testng.Assert.failNotEquals(Assert.java:776)
at org.testng.Assert.assertEqualsImpl(Assert.java:137)
at org.testng.Assert.assertEquals(Assert.java:118)
at org.testng.Assert.assertEquals(Assert.java:453)
at org.testng.Assert.assertEquals(Assert.java:463)
at Bchat.TestScenarios.SignIn_Fow_RestorefromBlockheight_Screen.TC_115_To_Validate_the_presence_of_placeholder_in_the_text_box_of_the_screen(SignIn_Fow_RestorefromBlockheight_Screen.java:79)
at java.base/jdk.internal.reflect.NativeMethodAccessorImpl.invoke0(Native Method)
at java.base/jdk.internal.reflect.NativeMethodAccessorImpl.invoke(NativeMethodAccessorImpl.java:77)
at java.base/jdk.internal.reflect.DelegatingMethodAccessorImpl.invoke(DelegatingMethodAccessorImpl.java:43)
at java.base/java.lang.reflect.Method.invoke(Method.java:568)
at org.testng.internal.MethodInvocationHelper.invokeMethod(MethodInvocationHelper.java:124)
at org.testng.internal.Invoker.invokeMethod(Invoker.java:583)
at org.testng.internal.Invoker.invokeTestMethod(Invoker.java:719)
at org.testng.internal.Invoker.invokeTestMethods(Invoker.java:989)
at org.testng.internal.TestMethodWorker.invokeTestMethods(TestMethodWorker.java:125)
at org.testng.internal.TestMethodWorker.run(TestMethodWorker.java:109)
at org.testng.TestRunner.privateRun(TestRunner.java:648)
at org.testng.TestRunner.run(TestRunner.java:505)
at org.testng.SuiteRunner.runTest(SuiteRunner.java:455)
at org.testng.SuiteRunner.runSequentially(SuiteRunner.java:450)
at org.testng.SuiteRunner.privateRun(SuiteRunner.java:415)
at org.testng.SuiteRunner.run(SuiteRunner.java:364)
at org.testng.SuiteRunnerWorker.runSuite(SuiteRunnerWorker.java:52)
at org.testng.SuiteRunnerWorker.run(SuiteRunnerWorker.java:84)
at org.testng.TestNG.runSuitesSequentially(TestNG.java:1208)
at org.testng.TestNG.runSuitesLocally(TestNG.java:1137)
at org.testng.TestNG.runSuites(TestNG.java:1049)
at org.testng.TestNG.run(TestNG.java:1017)
at org.testng.remote.AbstractRemoteTestNG.run(AbstractRemoteTestNG.java:115)
at org.testng.remote.RemoteTestNG.initAndRun(RemoteTestNG.java:251)
at org.testng.remote.RemoteTestNG.main(RemoteTestNG.java:77)
]]>
    </failure>
  </testcase> <!-- TC_115_To_Validate_the_presence_of_placeholder_in_the_text_box_of_the_screen -->
  <testcase classname="Bchat.TestScenarios.SignIn_Fow_RestorefromBlockheight_Screen" name="TC_108_To_Validate_the_working_of_restore_without_Entering_value_in_display_name_restore_from_blockheight_and_restore_from_date" time="30.473">
    <error message="Can&#039;t locate an element by this strategy: By.chained({AppiumBy.id: io.beldex.bchat:id/restoreSeedRestoreButton})" type="org.openqa.selenium.NoSuchElementException">
      <![CDATA[org.openqa.selenium.NoSuchElementException: Can't locate an element by this strategy: By.chained({AppiumBy.id: io.beldex.bchat:id/restoreSeedRestoreButton})
at io.appium.java_client.pagefactory.AppiumElementLocator.findElement(AppiumElementLocator.java:166)
at io.appium.java_client.pagefactory.interceptors.InterceptorOfASingleElement.call(InterceptorOfASingleElement.java:64)
at io.appium.java_client.proxy.Interceptor.intercept(Interceptor.java:78)
at org.openqa.selenium.remote.RemoteWebElement$ByteBuddy$M5TDXdRd.click(Unknown Source)
at POM.RestoreFromSeedPage.clickBtnRestore(RestoreFromSeedPage.java:102)
at Bchat.TestScenarios.SignIn_Fow_RestorefromBlockheight_Screen.TC_108_To_Validate_the_working_of_restore_without_Entering_value_in_display_name_restore_from_blockheight_and_restore_from_date(SignIn_Fow_RestorefromBlockheight_Screen.java:93)
at java.base/jdk.internal.reflect.NativeMethodAccessorImpl.invoke0(Native Method)
at java.base/jdk.internal.reflect.NativeMethodAccessorImpl.invoke(NativeMethodAccessorImpl.java:77)
at java.base/jdk.internal.reflect.DelegatingMethodAccessorImpl.invoke(DelegatingMethodAccessorImpl.java:43)
at java.base/java.lang.reflect.Method.invoke(Method.java:568)
at org.testng.internal.MethodInvocationHelper.invokeMethod(MethodInvocationHelper.java:124)
at org.testng.internal.Invoker.invokeMethod(Invoker.java:583)
at org.testng.internal.Invoker.invokeTestMethod(Invoker.java:719)
at org.testng.internal.Invoker.invokeTestMethods(Invoker.java:989)
at org.testng.internal.TestMethodWorker.invokeTestMethods(TestMethodWorker.java:125)
at org.testng.internal.TestMethodWorker.run(TestMethodWorker.java:109)
at org.testng.TestRunner.privateRun(TestRunner.java:648)
at org.testng.TestRunner.run(TestRunner.java:505)
at org.testng.SuiteRunner.runTest(SuiteRunner.java:455)
at org.testng.SuiteRunner.runSequentially(SuiteRunner.java:450)
at org.testng.SuiteRunner.privateRun(SuiteRunner.java:415)
at org.testng.SuiteRunner.run(SuiteRunner.java:364)
at org.testng.SuiteRunnerWorker.runSuite(SuiteRunnerWorker.java:52)
at org.testng.SuiteRunnerWorker.run(SuiteRunnerWorker.java:84)
at org.testng.TestNG.runSuitesSequentially(TestNG.java:1208)
at org.testng.TestNG.runSuitesLocally(TestNG.java:1137)
at org.testng.TestNG.runSuites(TestNG.java:1049)
at org.testng.TestNG.run(TestNG.java:1017)
at org.testng.remote.AbstractRemoteTestNG.run(AbstractRemoteTestNG.java:115)
at org.testng.remote.RemoteTestNG.initAndRun(RemoteTestNG.java:251)
at org.testng.remote.RemoteTestNG.main(RemoteTestNG.java:77)
Caused by: org.openqa.selenium.TimeoutException: Expected condition failed: waiting for io.appium.java_client.pagefactory.AppiumElementLocator$WaitingFunction@4c50cd7d (tried for 1 second(s) with 500 milliseconds interval)
at org.openqa.selenium.support.ui.FluentWait.timeoutException(FluentWait.java:262)
at org.openqa.selenium.support.ui.FluentWait.until(FluentWait.java:230)
at io.appium.java_client.pagefactory.AppiumElementLocator.waitFor(AppiumElementLocator.java:135)
at io.appium.java_client.pagefactory.AppiumElementLocator.findElement(AppiumElementLocator.java:160)
... 30 more
Caused by: org.openqa.selenium.NoSuchElementException: Cannot locate an element using By.chained({AppiumBy.id: io.beldex.bchat:id/restoreSeedRestoreButton})
For documentation on this error, please visit: https://www.selenium.dev/documentation/webdriver/troubleshooting/errors#no-such-element-exception
Build info: version: '4.13.0', revision: 'ba948ece5b*'
System info: os.name: 'Windows 11', os.arch: 'amd64', os.version: '10.0', java.version: '17.0.8'
Driver info: driver.version: RemoteWebDriver
at io.appium.java_client.pagefactory.bys.builder.ByChained.findElement(ByChained.java:77)
at org.openqa.selenium.remote.ElementLocation$ElementFinder$1.findElement(ElementLocation.java:139)
at org.openqa.selenium.remote.ElementLocation.findElement(ElementLocation.java:59)
at org.openqa.selenium.remote.RemoteWebDriver.findElement(RemoteWebDriver.java:359)
at org.openqa.selenium.remote.RemoteWebDriver.findElement(RemoteWebDriver.java:353)
at io.appium.java_client.pagefactory.bys.ContentMappedBy.findElement(ContentMappedBy.java:53)
at org.openqa.selenium.remote.ElementLocation$ElementFinder$1.findElement(ElementLocation.java:139)
at org.openqa.selenium.remote.ElementLocation.findElement(ElementLocation.java:59)
at org.openqa.selenium.remote.RemoteWebDriver.findElement(RemoteWebDriver.java:359)
at org.openqa.selenium.remote.RemoteWebDriver.findElement(RemoteWebDriver.java:353)
at io.appium.java_client.pagefactory.AppiumElementLocator.lambda$findElement$1(AppiumElementLocator.java:160)
at io.appium.java_client.pagefactory.AppiumElementLocator$WaitingFunction.apply(AppiumElementLocator.java:217)
at io.appium.java_client.pagefactory.AppiumElementLocator$WaitingFunction.apply(AppiumElementLocator.java:210)
at org.openqa.selenium.support.ui.FluentWait.until(FluentWait.java:205)
... 32 more
]]>
    </error>
  </testcase> <!-- TC_108_To_Validate_the_working_of_restore_without_Entering_value_in_display_name_restore_from_blockheight_and_restore_from_date -->
  <testcase classname="Bchat.TestScenarios.SignIn_Fow_RestorefromBlockheight_Screen" name="TC_109_To_Validate_the_working_of_the_restore_option_with_valid_display_name_and_Without_entering_both_blockheight_and_restore_from_date" time="47.780">
    <error message="Can&#039;t locate an element by this strategy: By.chained({AppiumBy.id: io.beldex.bchat:id/restoreSeedRestoreButton})" type="org.openqa.selenium.NoSuchElementException">
      <![CDATA[org.openqa.selenium.NoSuchElementException: Can't locate an element by this strategy: By.chained({AppiumBy.id: io.beldex.bchat:id/restoreSeedRestoreButton})
at io.appium.java_client.pagefactory.AppiumElementLocator.findElement(AppiumElementLocator.java:166)
at io.appium.java_client.pagefactory.interceptors.InterceptorOfASingleElement.call(InterceptorOfASingleElement.java:64)
at io.appium.java_client.proxy.Interceptor.intercept(Interceptor.java:78)
at org.openqa.selenium.remote.RemoteWebElement$ByteBuddy$161s4ezL.click(Unknown Source)
at POM.RestoreFromSeedPage.clickBtnRestore(RestoreFromSeedPage.java:102)
at Bchat.TestScenarios.SignIn_Fow_RestorefromBlockheight_Screen.TC_109_To_Validate_the_working_of_the_restore_option_with_valid_display_name_and_Without_entering_both_blockheight_and_restore_from_date(SignIn_Fow_RestorefromBlockheight_Screen.java:110)
at java.base/jdk.internal.reflect.NativeMethodAccessorImpl.invoke0(Native Method)
at java.base/jdk.internal.reflect.NativeMethodAccessorImpl.invoke(NativeMethodAccessorImpl.java:77)
at java.base/jdk.internal.reflect.DelegatingMethodAccessorImpl.invoke(DelegatingMethodAccessorImpl.java:43)
at java.base/java.lang.reflect.Method.invoke(Method.java:568)
at org.testng.internal.MethodInvocationHelper.invokeMethod(MethodInvocationHelper.java:124)
at org.testng.internal.Invoker.invokeMethod(Invoker.java:583)
at org.testng.internal.Invoker.invokeTestMethod(Invoker.java:719)
at org.testng.internal.Invoker.invokeTestMethods(Invoker.java:989)
at org.testng.internal.TestMethodWorker.invokeTestMethods(TestMethodWorker.java:125)
at org.testng.internal.TestMethodWorker.run(TestMethodWorker.java:109)
at org.testng.TestRunner.privateRun(TestRunner.java:648)
at org.testng.TestRunner.run(TestRunner.java:505)
at org.testng.SuiteRunner.runTest(SuiteRunner.java:455)
at org.testng.SuiteRunner.runSequentially(SuiteRunner.java:450)
at org.testng.SuiteRunner.privateRun(SuiteRunner.java:415)
at org.testng.SuiteRunner.run(SuiteRunner.java:364)
at org.testng.SuiteRunnerWorker.runSuite(SuiteRunnerWorker.java:52)
at org.testng.SuiteRunnerWorker.run(SuiteRunnerWorker.java:84)
at org.testng.TestNG.runSuitesSequentially(TestNG.java:1208)
at org.testng.TestNG.runSuitesLocally(TestNG.java:1137)
at org.testng.TestNG.runSuites(TestNG.java:1049)
at org.testng.TestNG.run(TestNG.java:1017)
at org.testng.remote.AbstractRemoteTestNG.run(AbstractRemoteTestNG.java:115)
at org.testng.remote.RemoteTestNG.initAndRun(RemoteTestNG.java:251)
at org.testng.remote.RemoteTestNG.main(RemoteTestNG.java:77)
Caused by: org.openqa.selenium.TimeoutException: Expected condition failed: waiting for io.appium.java_client.pagefactory.AppiumElementLocator$WaitingFunction@fceab5d (tried for 1 second(s) with 500 milliseconds interval)
at org.openqa.selenium.support.ui.FluentWait.timeoutException(FluentWait.java:262)
at org.openqa.selenium.support.ui.FluentWait.until(FluentWait.java:230)
at io.appium.java_client.pagefactory.AppiumElementLocator.waitFor(AppiumElementLocator.java:135)
at io.appium.java_client.pagefactory.AppiumElementLocator.findElement(AppiumElementLocator.java:160)
... 30 more
Caused by: org.openqa.selenium.NoSuchElementException: Cannot locate an element using By.chained({AppiumBy.id: io.beldex.bchat:id/restoreSeedRestoreButton})
For documentation on this error, please visit: https://www.selenium.dev/documentation/webdriver/troubleshooting/errors#no-such-element-exception
Build info: version: '4.13.0', revision: 'ba948ece5b*'
System info: os.name: 'Windows 11', os.arch: 'amd64', os.version: '10.0', java.version: '17.0.8'
Driver info: driver.version: RemoteWebDriver
at io.appium.java_client.pagefactory.bys.builder.ByChained.findElement(ByChained.java:77)
at org.openqa.selenium.remote.ElementLocation$ElementFinder$1.findElement(ElementLocation.java:139)
at org.openqa.selenium.remote.ElementLocation.findElement(ElementLocation.java:59)
at org.openqa.selenium.remote.RemoteWebDriver.findElement(RemoteWebDriver.java:359)
at org.openqa.selenium.remote.RemoteWebDriver.findElement(RemoteWebDriver.java:353)
at io.appium.java_client.pagefactory.bys.ContentMappedBy.findElement(ContentMappedBy.java:53)
at org.openqa.selenium.remote.ElementLocation$ElementFinder$1.findElement(ElementLocation.java:139)
at org.openqa.selenium.remote.ElementLocation.findElement(ElementLocation.java:59)
at org.openqa.selenium.remote.RemoteWebDriver.findElement(RemoteWebDriver.java:359)
at org.openqa.selenium.remote.RemoteWebDriver.findElement(RemoteWebDriver.java:353)
at io.appium.java_client.pagefactory.AppiumElementLocator.lambda$findElement$1(AppiumElementLocator.java:160)
at io.appium.java_client.pagefactory.AppiumElementLocator$WaitingFunction.apply(AppiumElementLocator.java:217)
at io.appium.java_client.pagefactory.AppiumElementLocator$WaitingFunction.apply(AppiumElementLocator.java:210)
at org.openqa.selenium.support.ui.FluentWait.until(FluentWait.java:205)
... 32 more
]]>
    </error>
  </testcase> <!-- TC_109_To_Validate_the_working_of_the_restore_option_with_valid_display_name_and_Without_entering_both_blockheight_and_restore_from_date -->
  <testcase classname="Bchat.TestScenarios.SignIn_Fow_RestorefromBlockheight_Screen" name="TC_112_To_Validate_the_working_of_the_restore_option_with_valid_display_name_and_Invalid_blockheight" time="45.418">
    <error message="Can&#039;t locate an element by this strategy: By.chained({AppiumBy.id: io.beldex.bchat:id/restoreSeedRestoreButton})" type="org.openqa.selenium.NoSuchElementException">
      <![CDATA[org.openqa.selenium.NoSuchElementException: Can't locate an element by this strategy: By.chained({AppiumBy.id: io.beldex.bchat:id/restoreSeedRestoreButton})
at io.appium.java_client.pagefactory.AppiumElementLocator.findElement(AppiumElementLocator.java:166)
at io.appium.java_client.pagefactory.interceptors.InterceptorOfASingleElement.call(InterceptorOfASingleElement.java:64)
at io.appium.java_client.proxy.Interceptor.intercept(Interceptor.java:78)
at org.openqa.selenium.remote.RemoteWebElement$ByteBuddy$LwdVeEcZ.click(Unknown Source)
at POM.RestoreFromSeedPage.clickBtnRestore(RestoreFromSeedPage.java:102)
at Bchat.TestScenarios.SignIn_Fow_RestorefromBlockheight_Screen.TC_112_To_Validate_the_working_of_the_restore_option_with_valid_display_name_and_Invalid_blockheight(SignIn_Fow_RestorefromBlockheight_Screen.java:131)
at java.base/jdk.internal.reflect.NativeMethodAccessorImpl.invoke0(Native Method)
at java.base/jdk.internal.reflect.NativeMethodAccessorImpl.invoke(NativeMethodAccessorImpl.java:77)
at java.base/jdk.internal.reflect.DelegatingMethodAccessorImpl.invoke(DelegatingMethodAccessorImpl.java:43)
at java.base/java.lang.reflect.Method.invoke(Method.java:568)
at org.testng.internal.MethodInvocationHelper.invokeMethod(MethodInvocationHelper.java:124)
at org.testng.internal.Invoker.invokeMethod(Invoker.java:583)
at org.testng.internal.Invoker.invokeTestMethod(Invoker.java:719)
at org.testng.internal.Invoker.invokeTestMethods(Invoker.java:989)
at org.testng.internal.TestMethodWorker.invokeTestMethods(TestMethodWorker.java:125)
at org.testng.internal.TestMethodWorker.run(TestMethodWorker.java:109)
at org.testng.TestRunner.privateRun(TestRunner.java:648)
at org.testng.TestRunner.run(TestRunner.java:505)
at org.testng.SuiteRunner.runTest(SuiteRunner.java:455)
at org.testng.SuiteRunner.runSequentially(SuiteRunner.java:450)
at org.testng.SuiteRunner.privateRun(SuiteRunner.java:415)
at org.testng.SuiteRunner.run(SuiteRunner.java:364)
at org.testng.SuiteRunnerWorker.runSuite(SuiteRunnerWorker.java:52)
at org.testng.SuiteRunnerWorker.run(SuiteRunnerWorker.java:84)
at org.testng.TestNG.runSuitesSequentially(TestNG.java:1208)
at org.testng.TestNG.runSuitesLocally(TestNG.java:1137)
at org.testng.TestNG.runSuites(TestNG.java:1049)
at org.testng.TestNG.run(TestNG.java:1017)
at org.testng.remote.AbstractRemoteTestNG.run(AbstractRemoteTestNG.java:115)
at org.testng.remote.RemoteTestNG.initAndRun(RemoteTestNG.java:251)
at org.testng.remote.RemoteTestNG.main(RemoteTestNG.java:77)
Caused by: org.openqa.selenium.TimeoutException: Expected condition failed: waiting for io.appium.java_client.pagefactory.AppiumElementLocator$WaitingFunction@a1b7549 (tried for 1 second(s) with 500 milliseconds interval)
at org.openqa.selenium.support.ui.FluentWait.timeoutException(FluentWait.java:262)
at org.openqa.selenium.support.ui.FluentWait.until(FluentWait.java:230)
at io.appium.java_client.pagefactory.AppiumElementLocator.waitFor(AppiumElementLocator.java:135)
at io.appium.java_client.pagefactory.AppiumElementLocator.findElement(AppiumElementLocator.java:160)
... 30 more
Caused by: org.openqa.selenium.NoSuchElementException: Cannot locate an element using By.chained({AppiumBy.id: io.beldex.bchat:id/restoreSeedRestoreButton})
For documentation on this error, please visit: https://www.selenium.dev/documentation/webdriver/troubleshooting/errors#no-such-element-exception
Build info: version: '4.13.0', revision: 'ba948ece5b*'
System info: os.name: 'Windows 11', os.arch: 'amd64', os.version: '10.0', java.version: '17.0.8'
Driver info: driver.version: RemoteWebDriver
at io.appium.java_client.pagefactory.bys.builder.ByChained.findElement(ByChained.java:77)
at org.openqa.selenium.remote.ElementLocation$ElementFinder$1.findElement(ElementLocation.java:139)
at org.openqa.selenium.remote.ElementLocation.findElement(ElementLocation.java:59)
at org.openqa.selenium.remote.RemoteWebDriver.findElement(RemoteWebDriver.java:359)
at org.openqa.selenium.remote.RemoteWebDriver.findElement(RemoteWebDriver.java:353)
at io.appium.java_client.pagefactory.bys.ContentMappedBy.findElement(ContentMappedBy.java:53)
at org.openqa.selenium.remote.ElementLocation$ElementFinder$1.findElement(ElementLocation.java:139)
at org.openqa.selenium.remote.ElementLocation.findElement(ElementLocation.java:59)
at org.openqa.selenium.remote.RemoteWebDriver.findElement(RemoteWebDriver.java:359)
at org.openqa.selenium.remote.RemoteWebDriver.findElement(RemoteWebDriver.java:353)
at io.appium.java_client.pagefactory.AppiumElementLocator.lambda$findElement$1(AppiumElementLocator.java:160)
at io.appium.java_client.pagefactory.AppiumElementLocator$WaitingFunction.apply(AppiumElementLocator.java:217)
at io.appium.java_client.pagefactory.AppiumElementLocator$WaitingFunction.apply(AppiumElementLocator.java:210)
at org.openqa.selenium.support.ui.FluentWait.until(FluentWait.java:205)
... 32 more
]]>
    </error>
  </testcase> <!-- TC_112_To_Validate_the_working_of_the_restore_option_with_valid_display_name_and_Invalid_blockheight -->
  <testcase classname="Bchat.TestScenarios.SignIn_Fow_RestorefromBlockheight_Screen" name="TC_113_To_Validate_working_of_restore_option_with_Invalid_display_name_and_Invalid_blockheight" time="38.753">
    <error message="Can&#039;t locate an element by this strategy: By.chained({AppiumBy.id: io.beldex.bchat:id/restoreSeedRestoreButton})" type="org.openqa.selenium.NoSuchElementException">
      <![CDATA[org.openqa.selenium.NoSuchElementException: Can't locate an element by this strategy: By.chained({AppiumBy.id: io.beldex.bchat:id/restoreSeedRestoreButton})
at io.appium.java_client.pagefactory.AppiumElementLocator.findElement(AppiumElementLocator.java:166)
at io.appium.java_client.pagefactory.interceptors.InterceptorOfASingleElement.call(InterceptorOfASingleElement.java:64)
at io.appium.java_client.proxy.Interceptor.intercept(Interceptor.java:78)
at org.openqa.selenium.remote.RemoteWebElement$ByteBuddy$h32KEKk6.click(Unknown Source)
at POM.RestoreFromSeedPage.clickBtnRestore(RestoreFromSeedPage.java:102)
at Bchat.TestScenarios.SignIn_Fow_RestorefromBlockheight_Screen.TC_113_To_Validate_working_of_restore_option_with_Invalid_display_name_and_Invalid_blockheight(SignIn_Fow_RestorefromBlockheight_Screen.java:147)
at java.base/jdk.internal.reflect.NativeMethodAccessorImpl.invoke0(Native Method)
at java.base/jdk.internal.reflect.NativeMethodAccessorImpl.invoke(NativeMethodAccessorImpl.java:77)
at java.base/jdk.internal.reflect.DelegatingMethodAccessorImpl.invoke(DelegatingMethodAccessorImpl.java:43)
at java.base/java.lang.reflect.Method.invoke(Method.java:568)
at org.testng.internal.MethodInvocationHelper.invokeMethod(MethodInvocationHelper.java:124)
at org.testng.internal.Invoker.invokeMethod(Invoker.java:583)
at org.testng.internal.Invoker.invokeTestMethod(Invoker.java:719)
at org.testng.internal.Invoker.invokeTestMethods(Invoker.java:989)
at org.testng.internal.TestMethodWorker.invokeTestMethods(TestMethodWorker.java:125)
at org.testng.internal.TestMethodWorker.run(TestMethodWorker.java:109)
at org.testng.TestRunner.privateRun(TestRunner.java:648)
at org.testng.TestRunner.run(TestRunner.java:505)
at org.testng.SuiteRunner.runTest(SuiteRunner.java:455)
at org.testng.SuiteRunner.runSequentially(SuiteRunner.java:450)
at org.testng.SuiteRunner.privateRun(SuiteRunner.java:415)
at org.testng.SuiteRunner.run(SuiteRunner.java:364)
at org.testng.SuiteRunnerWorker.runSuite(SuiteRunnerWorker.java:52)
at org.testng.SuiteRunnerWorker.run(SuiteRunnerWorker.java:84)
at org.testng.TestNG.runSuitesSequentially(TestNG.java:1208)
at org.testng.TestNG.runSuitesLocally(TestNG.java:1137)
at org.testng.TestNG.runSuites(TestNG.java:1049)
at org.testng.TestNG.run(TestNG.java:1017)
at org.testng.remote.AbstractRemoteTestNG.run(AbstractRemoteTestNG.java:115)
at org.testng.remote.RemoteTestNG.initAndRun(RemoteTestNG.java:251)
at org.testng.remote.RemoteTestNG.main(RemoteTestNG.java:77)
Caused by: org.openqa.selenium.TimeoutException: Expected condition failed: waiting for io.appium.java_client.pagefactory.AppiumElementLocator$WaitingFunction@4e343265 (tried for 1 second(s) with 500 milliseconds interval)
at org.openqa.selenium.support.ui.FluentWait.timeoutException(FluentWait.java:262)
at org.openqa.selenium.support.ui.FluentWait.until(FluentWait.java:230)
at io.appium.java_client.pagefactory.AppiumElementLocator.waitFor(AppiumElementLocator.java:135)
at io.appium.java_client.pagefactory.AppiumElementLocator.findElement(AppiumElementLocator.java:160)
... 30 more
Caused by: org.openqa.selenium.NoSuchElementException: Cannot locate an element using By.chained({AppiumBy.id: io.beldex.bchat:id/restoreSeedRestoreButton})
For documentation on this error, please visit: https://www.selenium.dev/documentation/webdriver/troubleshooting/errors#no-such-element-exception
Build info: version: '4.13.0', revision: 'ba948ece5b*'
System info: os.name: 'Windows 11', os.arch: 'amd64', os.version: '10.0', java.version: '17.0.8'
Driver info: driver.version: RemoteWebDriver
at io.appium.java_client.pagefactory.bys.builder.ByChained.findElement(ByChained.java:77)
at org.openqa.selenium.remote.ElementLocation$ElementFinder$1.findElement(ElementLocation.java:139)
at org.openqa.selenium.remote.ElementLocation.findElement(ElementLocation.java:59)
at org.openqa.selenium.remote.RemoteWebDriver.findElement(RemoteWebDriver.java:359)
at org.openqa.selenium.remote.RemoteWebDriver.findElement(RemoteWebDriver.java:353)
at io.appium.java_client.pagefactory.bys.ContentMappedBy.findElement(ContentMappedBy.java:53)
at org.openqa.selenium.remote.ElementLocation$ElementFinder$1.findElement(ElementLocation.java:139)
at org.openqa.selenium.remote.ElementLocation.findElement(ElementLocation.java:59)
at org.openqa.selenium.remote.RemoteWebDriver.findElement(RemoteWebDriver.java:359)
at org.openqa.selenium.remote.RemoteWebDriver.findElement(RemoteWebDriver.java:353)
at io.appium.java_client.pagefactory.AppiumElementLocator.lambda$findElement$1(AppiumElementLocator.java:160)
at io.appium.java_client.pagefactory.AppiumElementLocator$WaitingFunction.apply(AppiumElementLocator.java:217)
at io.appium.java_client.pagefactory.AppiumElementLocator$WaitingFunction.apply(AppiumElementLocator.java:210)
at org.openqa.selenium.support.ui.FluentWait.until(FluentWait.java:205)
... 32 more
]]>
    </error>
  </testcase> <!-- TC_113_To_Validate_working_of_restore_option_with_Invalid_display_name_and_Invalid_blockheight -->
  <testcase classname="Bchat.TestScenarios.SignIn_Fow_RestorefromBlockheight_Screen" name="TC_111_And_116_To_Validate_the_working_of_the_restore_option_with_Invalid_display_names_and_valid_blockheight_and_Date" time="0.165">
    <error message="A session is either terminated or not started
Build info: version: &#039;4.13.0&#039;, revision: &#039;ba948ece5b*&#039;
System info: os.name: &#039;Windows 11&#039;, os.arch: &#039;amd64&#039;, os.version: &#039;10.0&#039;, java.version: &#039;17.0.8&#039;
Driver info: io.appium.java_client.android.AndroidDriver
Command: [651f0a5a-24e6-424d-8f32-89d298833caa, findElement {using=id, value=io.beldex.bchat:id/restoreSeedWalletRestoreHeight}]
Capabilities {appium:app: C:\Users\itsup\eclipse-work..., appium:appPackage: io.beldex.bchat, appium:appWaitActivity: com.thoughtcrimes.securesms..., appium:autoGrantPermissions: true, appium:automationName: UiAutomator2, appium:databaseEnabled: false, appium:desired: {app: C:\Users\itsup\eclipse-work..., appPackage: io.beldex.bchat, appWaitActivity: com.thoughtcrimes.securesms..., autoGrantPermissions: true, automationName: UiAutomator2, deviceName: one plus nord ce 3, fullReset: true, ignoreHiddenApiPolicyError: true, platformName: ANDROID, platformVersion: 13, udid: d6a08b3e}, appium:deviceApiLevel: 34, appium:deviceManufacturer: OnePlus, appium:deviceModel: CPH2467, appium:deviceName: d6a08b3e, appium:deviceScreenDensity: 480, appium:deviceScreenSize: 1080x2400, appium:deviceUDID: d6a08b3e, appium:fullReset: true, appium:ignoreHiddenApiPolicyError: true, appium:javascriptEnabled: true, appium:locationContextEnabled: false, appium:networkConnectionEnabled: true, appium:pixelRatio: 3, appium:platformVersion: 14, appium:statBarHeight: 107, appium:takesScreenshot: true, appium:udid: d6a08b3e, appium:viewportRect: {height: 2186, left: 0, top: 107, width: 1080}, appium:warnings: {}, appium:webStorageEnabled: false, platformName: ANDROID}
Session ID: 651f0a5a-24e6-424d-8f32-89d298833caa" type="org.openqa.selenium.NoSuchSessionException">
      <![CDATA[org.openqa.selenium.NoSuchSessionException: A session is either terminated or not started
Build info: version: '4.13.0', revision: 'ba948ece5b*'
System info: os.name: 'Windows 11', os.arch: 'amd64', os.version: '10.0', java.version: '17.0.8'
Driver info: io.appium.java_client.android.AndroidDriver
Command: [651f0a5a-24e6-424d-8f32-89d298833caa, findElement {using=id, value=io.beldex.bchat:id/restoreSeedWalletRestoreHeight}]
Capabilities {appium:app: C:\Users\itsup\eclipse-work..., appium:appPackage: io.beldex.bchat, appium:appWaitActivity: com.thoughtcrimes.securesms..., appium:autoGrantPermissions: true, appium:automationName: UiAutomator2, appium:databaseEnabled: false, appium:desired: {app: C:\Users\itsup\eclipse-work..., appPackage: io.beldex.bchat, appWaitActivity: com.thoughtcrimes.securesms..., autoGrantPermissions: true, automationName: UiAutomator2, deviceName: one plus nord ce 3, fullReset: true, ignoreHiddenApiPolicyError: true, platformName: ANDROID, platformVersion: 13, udid: d6a08b3e}, appium:deviceApiLevel: 34, appium:deviceManufacturer: OnePlus, appium:deviceModel: CPH2467, appium:deviceName: d6a08b3e, appium:deviceScreenDensity: 480, appium:deviceScreenSize: 1080x2400, appium:deviceUDID: d6a08b3e, appium:fullReset: true, appium:ignoreHiddenApiPolicyError: true, appium:javascriptEnabled: true, appium:locationContextEnabled: false, appium:networkConnectionEnabled: true, appium:pixelRatio: 3, appium:platformVersion: 14, appium:statBarHeight: 107, appium:takesScreenshot: true, appium:udid: d6a08b3e, appium:viewportRect: {height: 2186, left: 0, top: 107, width: 1080}, appium:warnings: {}, appium:webStorageEnabled: false, platformName: ANDROID}
Session ID: 651f0a5a-24e6-424d-8f32-89d298833caa
at java.base/jdk.internal.reflect.NativeConstructorAccessorImpl.newInstance0(Native Method)
at java.base/jdk.internal.reflect.NativeConstructorAccessorImpl.newInstance(NativeConstructorAccessorImpl.java:77)
at java.base/jdk.internal.reflect.DelegatingConstructorAccessorImpl.newInstance(DelegatingConstructorAccessorImpl.java:45)
at java.base/java.lang.reflect.Constructor.newInstanceWithCaller(Constructor.java:499)
at java.base/java.lang.reflect.Constructor.newInstance(Constructor.java:480)
at org.openqa.selenium.remote.codec.w3c.W3CHttpResponseCodec.createException(W3CHttpResponseCodec.java:200)
at org.openqa.selenium.remote.codec.w3c.W3CHttpResponseCodec.decode(W3CHttpResponseCodec.java:133)
at org.openqa.selenium.remote.codec.w3c.W3CHttpResponseCodec.decode(W3CHttpResponseCodec.java:52)
at org.openqa.selenium.remote.HttpCommandExecutor.execute(HttpCommandExecutor.java:191)
at io.appium.java_client.remote.AppiumCommandExecutor.execute(AppiumCommandExecutor.java:250)
at org.openqa.selenium.remote.RemoteWebDriver.execute(RemoteWebDriver.java:602)
at org.openqa.selenium.remote.ElementLocation$ElementFinder$2.findElement(ElementLocation.java:165)
at org.openqa.selenium.remote.ElementLocation.findElement(ElementLocation.java:59)
at org.openqa.selenium.remote.RemoteWebDriver.findElement(RemoteWebDriver.java:359)
at org.openqa.selenium.remote.RemoteWebDriver.findElement(RemoteWebDriver.java:353)
at io.appium.java_client.pagefactory.bys.builder.ByChained.lambda$getSearchingFunction$0(ByChained.java:41)
at org.openqa.selenium.support.ui.FluentWait.until(FluentWait.java:205)
at io.appium.java_client.pagefactory.bys.builder.ByChained.findElement(ByChained.java:75)
at org.openqa.selenium.remote.ElementLocation$ElementFinder$1.findElement(ElementLocation.java:139)
at org.openqa.selenium.remote.ElementLocation.findElement(ElementLocation.java:59)
at org.openqa.selenium.remote.RemoteWebDriver.findElement(RemoteWebDriver.java:359)
at org.openqa.selenium.remote.RemoteWebDriver.findElement(RemoteWebDriver.java:353)
at io.appium.java_client.pagefactory.bys.ContentMappedBy.findElement(ContentMappedBy.java:53)
at org.openqa.selenium.remote.ElementLocation$ElementFinder$1.findElement(ElementLocation.java:139)
at org.openqa.selenium.remote.ElementLocation.findElement(ElementLocation.java:59)
at org.openqa.selenium.remote.RemoteWebDriver.findElement(RemoteWebDriver.java:359)
at org.openqa.selenium.remote.RemoteWebDriver.findElement(RemoteWebDriver.java:353)
at io.appium.java_client.pagefactory.AppiumElementLocator.lambda$findElement$1(AppiumElementLocator.java:160)
at io.appium.java_client.pagefactory.AppiumElementLocator$WaitingFunction.apply(AppiumElementLocator.java:217)
at io.appium.java_client.pagefactory.AppiumElementLocator$WaitingFunction.apply(AppiumElementLocator.java:210)
at org.openqa.selenium.support.ui.FluentWait.until(FluentWait.java:205)
at io.appium.java_client.pagefactory.AppiumElementLocator.waitFor(AppiumElementLocator.java:135)
at io.appium.java_client.pagefactory.AppiumElementLocator.findElement(AppiumElementLocator.java:160)
at io.appium.java_client.pagefactory.interceptors.InterceptorOfASingleElement.call(InterceptorOfASingleElement.java:64)
at io.appium.java_client.proxy.Interceptor.intercept(Interceptor.java:78)
at org.openqa.selenium.remote.RemoteWebElement$ByteBuddy$bobFWFIm.isDisplayed(Unknown Source)
at Bchat.TestScenarios.SignIn_Fow_RestorefromBlockheight_Screen.TC_111_And_116_To_Validate_the_working_of_the_restore_option_with_Invalid_display_names_and_valid_blockheight_and_Date(SignIn_Fow_RestorefromBlockheight_Screen.java:158)
at java.base/jdk.internal.reflect.NativeMethodAccessorImpl.invoke0(Native Method)
at java.base/jdk.internal.reflect.NativeMethodAccessorImpl.invoke(NativeMethodAccessorImpl.java:77)
at java.base/jdk.internal.reflect.DelegatingMethodAccessorImpl.invoke(DelegatingMethodAccessorImpl.java:43)
at java.base/java.lang.reflect.Method.invoke(Method.java:568)
at org.testng.internal.MethodInvocationHelper.invokeMethod(MethodInvocationHelper.java:124)
at org.testng.internal.Invoker.invokeMethod(Invoker.java:583)
at org.testng.internal.Invoker.invokeTestMethod(Invoker.java:719)
at org.testng.internal.Invoker.invokeTestMethods(Invoker.java:989)
at org.testng.internal.TestMethodWorker.invokeTestMethods(TestMethodWorker.java:125)
at org.testng.internal.TestMethodWorker.run(TestMethodWorker.java:109)
at org.testng.TestRunner.privateRun(TestRunner.java:648)
at org.testng.TestRunner.run(TestRunner.java:505)
at org.testng.SuiteRunner.runTest(SuiteRunner.java:455)
at org.testng.SuiteRunner.runSequentially(SuiteRunner.java:450)
at org.testng.SuiteRunner.privateRun(SuiteRunner.java:415)
at org.testng.SuiteRunner.run(SuiteRunner.java:364)
at org.testng.SuiteRunnerWorker.runSuite(SuiteRunnerWorker.java:52)
at org.testng.SuiteRunnerWorker.run(SuiteRunnerWorker.java:84)
at org.testng.TestNG.runSuitesSequentially(TestNG.java:1208)
at org.testng.TestNG.runSuitesLocally(TestNG.java:1137)
at org.testng.TestNG.runSuites(TestNG.java:1049)
at org.testng.TestNG.run(TestNG.java:1017)
at org.testng.remote.AbstractRemoteTestNG.run(AbstractRemoteTestNG.java:115)
at org.testng.remote.RemoteTestNG.initAndRun(RemoteTestNG.java:251)
at org.testng.remote.RemoteTestNG.main(RemoteTestNG.java:77)
]]>
    </error>
  </testcase> <!-- TC_111_And_116_To_Validate_the_working_of_the_restore_option_with_Invalid_display_names_and_valid_blockheight_and_Date -->
  <testcase classname="Bchat.TestScenarios.SignIn_Fow_RestorefromBlockheight_Screen" name="TC_111_And_116_To_Validate_the_working_of_the_restore_option_with_Invalid_display_names_and_valid_blockheight_and_Date" time="6.557">
    <error message="An unknown server-side error occurred while processing the command. Original error: The process has received SIGINT signal
Build info: version: &#039;4.13.0&#039;, revision: &#039;ba948ece5b*&#039;
System info: os.name: &#039;Windows 11&#039;, os.arch: &#039;amd64&#039;, os.version: &#039;10.0&#039;, java.version: &#039;17.0.8&#039;
Driver info: io.appium.java_client.android.AndroidDriver
Command: [651f0a5a-24e6-424d-8f32-89d298833caa, clickElement {id=00000000-0000-0123-ffff-ffff0000003e}]
Capabilities {appium:app: C:\Users\itsup\eclipse-work..., appium:appPackage: io.beldex.bchat, appium:appWaitActivity: com.thoughtcrimes.securesms..., appium:autoGrantPermissions: true, appium:automationName: UiAutomator2, appium:databaseEnabled: false, appium:desired: {app: C:\Users\itsup\eclipse-work..., appPackage: io.beldex.bchat, appWaitActivity: com.thoughtcrimes.securesms..., autoGrantPermissions: true, automationName: UiAutomator2, deviceName: one plus nord ce 3, fullReset: true, ignoreHiddenApiPolicyError: true, platformName: ANDROID, platformVersion: 13, udid: d6a08b3e}, appium:deviceApiLevel: 34, appium:deviceManufacturer: OnePlus, appium:deviceModel: CPH2467, appium:deviceName: d6a08b3e, appium:deviceScreenDensity: 480, appium:deviceScreenSize: 1080x2400, appium:deviceUDID: d6a08b3e, appium:fullReset: true, appium:ignoreHiddenApiPolicyError: true, appium:javascriptEnabled: true, appium:locationContextEnabled: false, appium:networkConnectionEnabled: true, appium:pixelRatio: 3, appium:platformVersion: 14, appium:statBarHeight: 107, appium:takesScreenshot: true, appium:udid: d6a08b3e, appium:viewportRect: {height: 2186, left: 0, top: 107, width: 1080}, appium:warnings: {}, appium:webStorageEnabled: false, platformName: ANDROID}
Element: [[AndroidDriver:  on ANDROID (651f0a5a-24e6-424d-8f32-89d298833caa)] -&gt; id: io.beldex.bchat:id/restoreSeedWalletRestoreHeight]
Session ID: 651f0a5a-24e6-424d-8f32-89d298833caa" type="org.openqa.selenium.WebDriverException">
      <![CDATA[org.openqa.selenium.WebDriverException: An unknown server-side error occurred while processing the command. Original error: The process has received SIGINT signal
Build info: version: '4.13.0', revision: 'ba948ece5b*'
System info: os.name: 'Windows 11', os.arch: 'amd64', os.version: '10.0', java.version: '17.0.8'
Driver info: io.appium.java_client.android.AndroidDriver
Command: [651f0a5a-24e6-424d-8f32-89d298833caa, clickElement {id=00000000-0000-0123-ffff-ffff0000003e}]
Capabilities {appium:app: C:\Users\itsup\eclipse-work..., appium:appPackage: io.beldex.bchat, appium:appWaitActivity: com.thoughtcrimes.securesms..., appium:autoGrantPermissions: true, appium:automationName: UiAutomator2, appium:databaseEnabled: false, appium:desired: {app: C:\Users\itsup\eclipse-work..., appPackage: io.beldex.bchat, appWaitActivity: com.thoughtcrimes.securesms..., autoGrantPermissions: true, automationName: UiAutomator2, deviceName: one plus nord ce 3, fullReset: true, ignoreHiddenApiPolicyError: true, platformName: ANDROID, platformVersion: 13, udid: d6a08b3e}, appium:deviceApiLevel: 34, appium:deviceManufacturer: OnePlus, appium:deviceModel: CPH2467, appium:deviceName: d6a08b3e, appium:deviceScreenDensity: 480, appium:deviceScreenSize: 1080x2400, appium:deviceUDID: d6a08b3e, appium:fullReset: true, appium:ignoreHiddenApiPolicyError: true, appium:javascriptEnabled: true, appium:locationContextEnabled: false, appium:networkConnectionEnabled: true, appium:pixelRatio: 3, appium:platformVersion: 14, appium:statBarHeight: 107, appium:takesScreenshot: true, appium:udid: d6a08b3e, appium:viewportRect: {height: 2186, left: 0, top: 107, width: 1080}, appium:warnings: {}, appium:webStorageEnabled: false, platformName: ANDROID}
Element: [[AndroidDriver:  on ANDROID (651f0a5a-24e6-424d-8f32-89d298833caa)] -> id: io.beldex.bchat:id/restoreSeedWalletRestoreHeight]
Session ID: 651f0a5a-24e6-424d-8f32-89d298833caa
at java.base/jdk.internal.reflect.NativeConstructorAccessorImpl.newInstance0(Native Method)
at java.base/jdk.internal.reflect.NativeConstructorAccessorImpl.newInstance(NativeConstructorAccessorImpl.java:77)
at java.base/jdk.internal.reflect.DelegatingConstructorAccessorImpl.newInstance(DelegatingConstructorAccessorImpl.java:45)
at java.base/java.lang.reflect.Constructor.newInstanceWithCaller(Constructor.java:499)
at java.base/java.lang.reflect.Constructor.newInstance(Constructor.java:480)
at org.openqa.selenium.remote.codec.w3c.W3CHttpResponseCodec.createException(W3CHttpResponseCodec.java:200)
at org.openqa.selenium.remote.codec.w3c.W3CHttpResponseCodec.decode(W3CHttpResponseCodec.java:133)
at org.openqa.selenium.remote.codec.w3c.W3CHttpResponseCodec.decode(W3CHttpResponseCodec.java:52)
at org.openqa.selenium.remote.HttpCommandExecutor.execute(HttpCommandExecutor.java:191)
at io.appium.java_client.remote.AppiumCommandExecutor.execute(AppiumCommandExecutor.java:250)
at org.openqa.selenium.remote.RemoteWebDriver.execute(RemoteWebDriver.java:602)
at org.openqa.selenium.remote.RemoteWebElement.execute(RemoteWebElement.java:224)
at org.openqa.selenium.remote.RemoteWebElement.click(RemoteWebElement.java:77)
at java.base/jdk.internal.reflect.NativeMethodAccessorImpl.invoke0(Native Method)
at java.base/jdk.internal.reflect.NativeMethodAccessorImpl.invoke(NativeMethodAccessorImpl.java:77)
at java.base/jdk.internal.reflect.DelegatingMethodAccessorImpl.invoke(DelegatingMethodAccessorImpl.java:43)
at java.base/java.lang.reflect.Method.invoke(Method.java:568)
at io.appium.java_client.pagefactory.ElementInterceptor.getObject(ElementInterceptor.java:42)
at io.appium.java_client.pagefactory.interceptors.InterceptorOfASingleElement.call(InterceptorOfASingleElement.java:65)
at io.appium.java_client.proxy.Interceptor.intercept(Interceptor.java:78)
at org.openqa.selenium.remote.RemoteWebElement$ByteBuddy$GdlfQi4V.click(Unknown Source)
at POM.RestoreFromSeedPage.setBlockheight(RestoreFromSeedPage.java:119)
at Bchat.TestScenarios.SignIn_Fow_RestorefromBlockheight_Screen.TC_111_And_116_To_Validate_the_working_of_the_restore_option_with_Invalid_display_names_and_valid_blockheight_and_Date(SignIn_Fow_RestorefromBlockheight_Screen.java:161)
at java.base/jdk.internal.reflect.NativeMethodAccessorImpl.invoke0(Native Method)
at java.base/jdk.internal.reflect.NativeMethodAccessorImpl.invoke(NativeMethodAccessorImpl.java:77)
at java.base/jdk.internal.reflect.DelegatingMethodAccessorImpl.invoke(DelegatingMethodAccessorImpl.java:43)
at java.base/java.lang.reflect.Method.invoke(Method.java:568)
at org.testng.internal.MethodInvocationHelper.invokeMethod(MethodInvocationHelper.java:124)
at org.testng.internal.Invoker.invokeMethod(Invoker.java:583)
at org.testng.internal.Invoker.invokeTestMethod(Invoker.java:719)
at org.testng.internal.Invoker.invokeTestMethods(Invoker.java:989)
at org.testng.internal.TestMethodWorker.invokeTestMethods(TestMethodWorker.java:125)
at org.testng.internal.TestMethodWorker.run(TestMethodWorker.java:109)
at org.testng.TestRunner.privateRun(TestRunner.java:648)
at org.testng.TestRunner.run(TestRunner.java:505)
at org.testng.SuiteRunner.runTest(SuiteRunner.java:455)
at org.testng.SuiteRunner.runSequentially(SuiteRunner.java:450)
at org.testng.SuiteRunner.privateRun(SuiteRunner.java:415)
at org.testng.SuiteRunner.run(SuiteRunner.java:364)
at org.testng.SuiteRunnerWorker.runSuite(SuiteRunnerWorker.java:52)
at org.testng.SuiteRunnerWorker.run(SuiteRunnerWorker.java:84)
at org.testng.TestNG.runSuitesSequentially(TestNG.java:1208)
at org.testng.TestNG.runSuitesLocally(TestNG.java:1137)
at org.testng.TestNG.runSuites(TestNG.java:1049)
at org.testng.TestNG.run(TestNG.java:1017)
at org.testng.remote.AbstractRemoteTestNG.run(AbstractRemoteTestNG.java:115)
at org.testng.remote.RemoteTestNG.initAndRun(RemoteTestNG.java:251)
at org.testng.remote.RemoteTestNG.main(RemoteTestNG.java:77)
]]>
    </error>
  </testcase> <!-- TC_111_And_116_To_Validate_the_working_of_the_restore_option_with_Invalid_display_names_and_valid_blockheight_and_Date -->
  <testcase classname="Bchat.TestScenarios.SignIn_Fow_RestorefromBlockheight_Screen" name="TC_111_And_116_To_Validate_the_working_of_the_restore_option_with_Invalid_display_names_and_valid_blockheight_and_Date" time="0.187">
    <error message="A session is either terminated or not started
Build info: version: &#039;4.13.0&#039;, revision: &#039;ba948ece5b*&#039;
System info: os.name: &#039;Windows 11&#039;, os.arch: &#039;amd64&#039;, os.version: &#039;10.0&#039;, java.version: &#039;17.0.8&#039;
Driver info: io.appium.java_client.android.AndroidDriver
Command: [651f0a5a-24e6-424d-8f32-89d298833caa, findElement {using=id, value=io.beldex.bchat:id/restoreSeedWalletRestoreHeight}]
Capabilities {appium:app: C:\Users\itsup\eclipse-work..., appium:appPackage: io.beldex.bchat, appium:appWaitActivity: com.thoughtcrimes.securesms..., appium:autoGrantPermissions: true, appium:automationName: UiAutomator2, appium:databaseEnabled: false, appium:desired: {app: C:\Users\itsup\eclipse-work..., appPackage: io.beldex.bchat, appWaitActivity: com.thoughtcrimes.securesms..., autoGrantPermissions: true, automationName: UiAutomator2, deviceName: one plus nord ce 3, fullReset: true, ignoreHiddenApiPolicyError: true, platformName: ANDROID, platformVersion: 13, udid: d6a08b3e}, appium:deviceApiLevel: 34, appium:deviceManufacturer: OnePlus, appium:deviceModel: CPH2467, appium:deviceName: d6a08b3e, appium:deviceScreenDensity: 480, appium:deviceScreenSize: 1080x2400, appium:deviceUDID: d6a08b3e, appium:fullReset: true, appium:ignoreHiddenApiPolicyError: true, appium:javascriptEnabled: true, appium:locationContextEnabled: false, appium:networkConnectionEnabled: true, appium:pixelRatio: 3, appium:platformVersion: 14, appium:statBarHeight: 107, appium:takesScreenshot: true, appium:udid: d6a08b3e, appium:viewportRect: {height: 2186, left: 0, top: 107, width: 1080}, appium:warnings: {}, appium:webStorageEnabled: false, platformName: ANDROID}
Session ID: 651f0a5a-24e6-424d-8f32-89d298833caa" type="org.openqa.selenium.NoSuchSessionException">
      <![CDATA[org.openqa.selenium.NoSuchSessionException: A session is either terminated or not started
Build info: version: '4.13.0', revision: 'ba948ece5b*'
System info: os.name: 'Windows 11', os.arch: 'amd64', os.version: '10.0', java.version: '17.0.8'
Driver info: io.appium.java_client.android.AndroidDriver
Command: [651f0a5a-24e6-424d-8f32-89d298833caa, findElement {using=id, value=io.beldex.bchat:id/restoreSeedWalletRestoreHeight}]
Capabilities {appium:app: C:\Users\itsup\eclipse-work..., appium:appPackage: io.beldex.bchat, appium:appWaitActivity: com.thoughtcrimes.securesms..., appium:autoGrantPermissions: true, appium:automationName: UiAutomator2, appium:databaseEnabled: false, appium:desired: {app: C:\Users\itsup\eclipse-work..., appPackage: io.beldex.bchat, appWaitActivity: com.thoughtcrimes.securesms..., autoGrantPermissions: true, automationName: UiAutomator2, deviceName: one plus nord ce 3, fullReset: true, ignoreHiddenApiPolicyError: true, platformName: ANDROID, platformVersion: 13, udid: d6a08b3e}, appium:deviceApiLevel: 34, appium:deviceManufacturer: OnePlus, appium:deviceModel: CPH2467, appium:deviceName: d6a08b3e, appium:deviceScreenDensity: 480, appium:deviceScreenSize: 1080x2400, appium:deviceUDID: d6a08b3e, appium:fullReset: true, appium:ignoreHiddenApiPolicyError: true, appium:javascriptEnabled: true, appium:locationContextEnabled: false, appium:networkConnectionEnabled: true, appium:pixelRatio: 3, appium:platformVersion: 14, appium:statBarHeight: 107, appium:takesScreenshot: true, appium:udid: d6a08b3e, appium:viewportRect: {height: 2186, left: 0, top: 107, width: 1080}, appium:warnings: {}, appium:webStorageEnabled: false, platformName: ANDROID}
Session ID: 651f0a5a-24e6-424d-8f32-89d298833caa
at java.base/jdk.internal.reflect.NativeConstructorAccessorImpl.newInstance0(Native Method)
at java.base/jdk.internal.reflect.NativeConstructorAccessorImpl.newInstance(NativeConstructorAccessorImpl.java:77)
at java.base/jdk.internal.reflect.DelegatingConstructorAccessorImpl.newInstance(DelegatingConstructorAccessorImpl.java:45)
at java.base/java.lang.reflect.Constructor.newInstanceWithCaller(Constructor.java:499)
at java.base/java.lang.reflect.Constructor.newInstance(Constructor.java:480)
at org.openqa.selenium.remote.codec.w3c.W3CHttpResponseCodec.createException(W3CHttpResponseCodec.java:200)
at org.openqa.selenium.remote.codec.w3c.W3CHttpResponseCodec.decode(W3CHttpResponseCodec.java:133)
at org.openqa.selenium.remote.codec.w3c.W3CHttpResponseCodec.decode(W3CHttpResponseCodec.java:52)
at org.openqa.selenium.remote.HttpCommandExecutor.execute(HttpCommandExecutor.java:191)
at io.appium.java_client.remote.AppiumCommandExecutor.execute(AppiumCommandExecutor.java:250)
at org.openqa.selenium.remote.RemoteWebDriver.execute(RemoteWebDriver.java:602)
at org.openqa.selenium.remote.ElementLocation$ElementFinder$2.findElement(ElementLocation.java:165)
at org.openqa.selenium.remote.ElementLocation.findElement(ElementLocation.java:59)
at org.openqa.selenium.remote.RemoteWebDriver.findElement(RemoteWebDriver.java:359)
at org.openqa.selenium.remote.RemoteWebDriver.findElement(RemoteWebDriver.java:353)
at io.appium.java_client.pagefactory.bys.builder.ByChained.lambda$getSearchingFunction$0(ByChained.java:41)
at org.openqa.selenium.support.ui.FluentWait.until(FluentWait.java:205)
at io.appium.java_client.pagefactory.bys.builder.ByChained.findElement(ByChained.java:75)
at org.openqa.selenium.remote.ElementLocation$ElementFinder$1.findElement(ElementLocation.java:139)
at org.openqa.selenium.remote.ElementLocation.findElement(ElementLocation.java:59)
at org.openqa.selenium.remote.RemoteWebDriver.findElement(RemoteWebDriver.java:359)
at org.openqa.selenium.remote.RemoteWebDriver.findElement(RemoteWebDriver.java:353)
at io.appium.java_client.pagefactory.bys.ContentMappedBy.findElement(ContentMappedBy.java:53)
at org.openqa.selenium.remote.ElementLocation$ElementFinder$1.findElement(ElementLocation.java:139)
at org.openqa.selenium.remote.ElementLocation.findElement(ElementLocation.java:59)
at org.openqa.selenium.remote.RemoteWebDriver.findElement(RemoteWebDriver.java:359)
at org.openqa.selenium.remote.RemoteWebDriver.findElement(RemoteWebDriver.java:353)
at io.appium.java_client.pagefactory.AppiumElementLocator.lambda$findElement$1(AppiumElementLocator.java:160)
at io.appium.java_client.pagefactory.AppiumElementLocator$WaitingFunction.apply(AppiumElementLocator.java:217)
at io.appium.java_client.pagefactory.AppiumElementLocator$WaitingFunction.apply(AppiumElementLocator.java:210)
at org.openqa.selenium.support.ui.FluentWait.until(FluentWait.java:205)
at io.appium.java_client.pagefactory.AppiumElementLocator.waitFor(AppiumElementLocator.java:135)
at io.appium.java_client.pagefactory.AppiumElementLocator.findElement(AppiumElementLocator.java:160)
at io.appium.java_client.pagefactory.interceptors.InterceptorOfASingleElement.call(InterceptorOfASingleElement.java:64)
at io.appium.java_client.proxy.Interceptor.intercept(Interceptor.java:78)
at org.openqa.selenium.remote.RemoteWebElement$ByteBuddy$3ggJhwXP.isDisplayed(Unknown Source)
at Bchat.TestScenarios.SignIn_Fow_RestorefromBlockheight_Screen.TC_111_And_116_To_Validate_the_working_of_the_restore_option_with_Invalid_display_names_and_valid_blockheight_and_Date(SignIn_Fow_RestorefromBlockheight_Screen.java:158)
at java.base/jdk.internal.reflect.NativeMethodAccessorImpl.invoke0(Native Method)
at java.base/jdk.internal.reflect.NativeMethodAccessorImpl.invoke(NativeMethodAccessorImpl.java:77)
at java.base/jdk.internal.reflect.DelegatingMethodAccessorImpl.invoke(DelegatingMethodAccessorImpl.java:43)
at java.base/java.lang.reflect.Method.invoke(Method.java:568)
at org.testng.internal.MethodInvocationHelper.invokeMethod(MethodInvocationHelper.java:124)
at org.testng.internal.Invoker.invokeMethod(Invoker.java:583)
at org.testng.internal.Invoker.invokeTestMethod(Invoker.java:719)
at org.testng.internal.Invoker.invokeTestMethods(Invoker.java:989)
at org.testng.internal.TestMethodWorker.invokeTestMethods(TestMethodWorker.java:125)
at org.testng.internal.TestMethodWorker.run(TestMethodWorker.java:109)
at org.testng.TestRunner.privateRun(TestRunner.java:648)
at org.testng.TestRunner.run(TestRunner.java:505)
at org.testng.SuiteRunner.runTest(SuiteRunner.java:455)
at org.testng.SuiteRunner.runSequentially(SuiteRunner.java:450)
at org.testng.SuiteRunner.privateRun(SuiteRunner.java:415)
at org.testng.SuiteRunner.run(SuiteRunner.java:364)
at org.testng.SuiteRunnerWorker.runSuite(SuiteRunnerWorker.java:52)
at org.testng.SuiteRunnerWorker.run(SuiteRunnerWorker.java:84)
at org.testng.TestNG.runSuitesSequentially(TestNG.java:1208)
at org.testng.TestNG.runSuitesLocally(TestNG.java:1137)
at org.testng.TestNG.runSuites(TestNG.java:1049)
at org.testng.TestNG.run(TestNG.java:1017)
at org.testng.remote.AbstractRemoteTestNG.run(AbstractRemoteTestNG.java:115)
at org.testng.remote.RemoteTestNG.initAndRun(RemoteTestNG.java:251)
at org.testng.remote.RemoteTestNG.main(RemoteTestNG.java:77)
]]>
    </error>
  </testcase> <!-- TC_111_And_116_To_Validate_the_working_of_the_restore_option_with_Invalid_display_names_and_valid_blockheight_and_Date -->
  <testcase classname="Bchat.TestScenarios.SignIn_Fow_RestorefromBlockheight_Screen" name="TC_111_And_116_To_Validate_the_working_of_the_restore_option_with_Invalid_display_names_and_valid_blockheight_and_Date" time="0.187">
    <error message="A session is either terminated or not started
Build info: version: &#039;4.13.0&#039;, revision: &#039;ba948ece5b*&#039;
System info: os.name: &#039;Windows 11&#039;, os.arch: &#039;amd64&#039;, os.version: &#039;10.0&#039;, java.version: &#039;17.0.8&#039;
Driver info: io.appium.java_client.android.AndroidDriver
Command: [651f0a5a-24e6-424d-8f32-89d298833caa, findElement {using=id, value=io.beldex.bchat:id/restoreSeedWalletRestoreHeight}]
Capabilities {appium:app: C:\Users\itsup\eclipse-work..., appium:appPackage: io.beldex.bchat, appium:appWaitActivity: com.thoughtcrimes.securesms..., appium:autoGrantPermissions: true, appium:automationName: UiAutomator2, appium:databaseEnabled: false, appium:desired: {app: C:\Users\itsup\eclipse-work..., appPackage: io.beldex.bchat, appWaitActivity: com.thoughtcrimes.securesms..., autoGrantPermissions: true, automationName: UiAutomator2, deviceName: one plus nord ce 3, fullReset: true, ignoreHiddenApiPolicyError: true, platformName: ANDROID, platformVersion: 13, udid: d6a08b3e}, appium:deviceApiLevel: 34, appium:deviceManufacturer: OnePlus, appium:deviceModel: CPH2467, appium:deviceName: d6a08b3e, appium:deviceScreenDensity: 480, appium:deviceScreenSize: 1080x2400, appium:deviceUDID: d6a08b3e, appium:fullReset: true, appium:ignoreHiddenApiPolicyError: true, appium:javascriptEnabled: true, appium:locationContextEnabled: false, appium:networkConnectionEnabled: true, appium:pixelRatio: 3, appium:platformVersion: 14, appium:statBarHeight: 107, appium:takesScreenshot: true, appium:udid: d6a08b3e, appium:viewportRect: {height: 2186, left: 0, top: 107, width: 1080}, appium:warnings: {}, appium:webStorageEnabled: false, platformName: ANDROID}
Session ID: 651f0a5a-24e6-424d-8f32-89d298833caa" type="org.openqa.selenium.NoSuchSessionException">
      <![CDATA[org.openqa.selenium.NoSuchSessionException: A session is either terminated or not started
Build info: version: '4.13.0', revision: 'ba948ece5b*'
System info: os.name: 'Windows 11', os.arch: 'amd64', os.version: '10.0', java.version: '17.0.8'
Driver info: io.appium.java_client.android.AndroidDriver
Command: [651f0a5a-24e6-424d-8f32-89d298833caa, findElement {using=id, value=io.beldex.bchat:id/restoreSeedWalletRestoreHeight}]
Capabilities {appium:app: C:\Users\itsup\eclipse-work..., appium:appPackage: io.beldex.bchat, appium:appWaitActivity: com.thoughtcrimes.securesms..., appium:autoGrantPermissions: true, appium:automationName: UiAutomator2, appium:databaseEnabled: false, appium:desired: {app: C:\Users\itsup\eclipse-work..., appPackage: io.beldex.bchat, appWaitActivity: com.thoughtcrimes.securesms..., autoGrantPermissions: true, automationName: UiAutomator2, deviceName: one plus nord ce 3, fullReset: true, ignoreHiddenApiPolicyError: true, platformName: ANDROID, platformVersion: 13, udid: d6a08b3e}, appium:deviceApiLevel: 34, appium:deviceManufacturer: OnePlus, appium:deviceModel: CPH2467, appium:deviceName: d6a08b3e, appium:deviceScreenDensity: 480, appium:deviceScreenSize: 1080x2400, appium:deviceUDID: d6a08b3e, appium:fullReset: true, appium:ignoreHiddenApiPolicyError: true, appium:javascriptEnabled: true, appium:locationContextEnabled: false, appium:networkConnectionEnabled: true, appium:pixelRatio: 3, appium:platformVersion: 14, appium:statBarHeight: 107, appium:takesScreenshot: true, appium:udid: d6a08b3e, appium:viewportRect: {height: 2186, left: 0, top: 107, width: 1080}, appium:warnings: {}, appium:webStorageEnabled: false, platformName: ANDROID}
Session ID: 651f0a5a-24e6-424d-8f32-89d298833caa
at java.base/jdk.internal.reflect.NativeConstructorAccessorImpl.newInstance0(Native Method)
at java.base/jdk.internal.reflect.NativeConstructorAccessorImpl.newInstance(NativeConstructorAccessorImpl.java:77)
at java.base/jdk.internal.reflect.DelegatingConstructorAccessorImpl.newInstance(DelegatingConstructorAccessorImpl.java:45)
at java.base/java.lang.reflect.Constructor.newInstanceWithCaller(Constructor.java:499)
at java.base/java.lang.reflect.Constructor.newInstance(Constructor.java:480)
at org.openqa.selenium.remote.codec.w3c.W3CHttpResponseCodec.createException(W3CHttpResponseCodec.java:200)
at org.openqa.selenium.remote.codec.w3c.W3CHttpResponseCodec.decode(W3CHttpResponseCodec.java:133)
at org.openqa.selenium.remote.codec.w3c.W3CHttpResponseCodec.decode(W3CHttpResponseCodec.java:52)
at org.openqa.selenium.remote.HttpCommandExecutor.execute(HttpCommandExecutor.java:191)
at io.appium.java_client.remote.AppiumCommandExecutor.execute(AppiumCommandExecutor.java:250)
at org.openqa.selenium.remote.RemoteWebDriver.execute(RemoteWebDriver.java:602)
at org.openqa.selenium.remote.ElementLocation$ElementFinder$2.findElement(ElementLocation.java:165)
at org.openqa.selenium.remote.ElementLocation.findElement(ElementLocation.java:59)
at org.openqa.selenium.remote.RemoteWebDriver.findElement(RemoteWebDriver.java:359)
at org.openqa.selenium.remote.RemoteWebDriver.findElement(RemoteWebDriver.java:353)
at io.appium.java_client.pagefactory.bys.builder.ByChained.lambda$getSearchingFunction$0(ByChained.java:41)
at org.openqa.selenium.support.ui.FluentWait.until(FluentWait.java:205)
at io.appium.java_client.pagefactory.bys.builder.ByChained.findElement(ByChained.java:75)
at org.openqa.selenium.remote.ElementLocation$ElementFinder$1.findElement(ElementLocation.java:139)
at org.openqa.selenium.remote.ElementLocation.findElement(ElementLocation.java:59)
at org.openqa.selenium.remote.RemoteWebDriver.findElement(RemoteWebDriver.java:359)
at org.openqa.selenium.remote.RemoteWebDriver.findElement(RemoteWebDriver.java:353)
at io.appium.java_client.pagefactory.bys.ContentMappedBy.findElement(ContentMappedBy.java:53)
at org.openqa.selenium.remote.ElementLocation$ElementFinder$1.findElement(ElementLocation.java:139)
at org.openqa.selenium.remote.ElementLocation.findElement(ElementLocation.java:59)
at org.openqa.selenium.remote.RemoteWebDriver.findElement(RemoteWebDriver.java:359)
at org.openqa.selenium.remote.RemoteWebDriver.findElement(RemoteWebDriver.java:353)
at io.appium.java_client.pagefactory.AppiumElementLocator.lambda$findElement$1(AppiumElementLocator.java:160)
at io.appium.java_client.pagefactory.AppiumElementLocator$WaitingFunction.apply(AppiumElementLocator.java:217)
at io.appium.java_client.pagefactory.AppiumElementLocator$WaitingFunction.apply(AppiumElementLocator.java:210)
at org.openqa.selenium.support.ui.FluentWait.until(FluentWait.java:205)
at io.appium.java_client.pagefactory.AppiumElementLocator.waitFor(AppiumElementLocator.java:135)
at io.appium.java_client.pagefactory.AppiumElementLocator.findElement(AppiumElementLocator.java:160)
at io.appium.java_client.pagefactory.interceptors.InterceptorOfASingleElement.call(InterceptorOfASingleElement.java:64)
at io.appium.java_client.proxy.Interceptor.intercept(Interceptor.java:78)
at org.openqa.selenium.remote.RemoteWebElement$ByteBuddy$6tFfFzmG.isDisplayed(Unknown Source)
at Bchat.TestScenarios.SignIn_Fow_RestorefromBlockheight_Screen.TC_111_And_116_To_Validate_the_working_of_the_restore_option_with_Invalid_display_names_and_valid_blockheight_and_Date(SignIn_Fow_RestorefromBlockheight_Screen.java:158)
at java.base/jdk.internal.reflect.NativeMethodAccessorImpl.invoke0(Native Method)
at java.base/jdk.internal.reflect.NativeMethodAccessorImpl.invoke(NativeMethodAccessorImpl.java:77)
at java.base/jdk.internal.reflect.DelegatingMethodAccessorImpl.invoke(DelegatingMethodAccessorImpl.java:43)
at java.base/java.lang.reflect.Method.invoke(Method.java:568)
at org.testng.internal.MethodInvocationHelper.invokeMethod(MethodInvocationHelper.java:124)
at org.testng.internal.Invoker.invokeMethod(Invoker.java:583)
at org.testng.internal.Invoker.invokeTestMethod(Invoker.java:719)
at org.testng.internal.Invoker.invokeTestMethods(Invoker.java:989)
at org.testng.internal.TestMethodWorker.invokeTestMethods(TestMethodWorker.java:125)
at org.testng.internal.TestMethodWorker.run(TestMethodWorker.java:109)
at org.testng.TestRunner.privateRun(TestRunner.java:648)
at org.testng.TestRunner.run(TestRunner.java:505)
at org.testng.SuiteRunner.runTest(SuiteRunner.java:455)
at org.testng.SuiteRunner.runSequentially(SuiteRunner.java:450)
at org.testng.SuiteRunner.privateRun(SuiteRunner.java:415)
at org.testng.SuiteRunner.run(SuiteRunner.java:364)
at org.testng.SuiteRunnerWorker.runSuite(SuiteRunnerWorker.java:52)
at org.testng.SuiteRunnerWorker.run(SuiteRunnerWorker.java:84)
at org.testng.TestNG.runSuitesSequentially(TestNG.java:1208)
at org.testng.TestNG.runSuitesLocally(TestNG.java:1137)
at org.testng.TestNG.runSuites(TestNG.java:1049)
at org.testng.TestNG.run(TestNG.java:1017)
at org.testng.remote.AbstractRemoteTestNG.run(AbstractRemoteTestNG.java:115)
at org.testng.remote.RemoteTestNG.initAndRun(RemoteTestNG.java:251)
at org.testng.remote.RemoteTestNG.main(RemoteTestNG.java:77)
]]>
    </error>
  </testcase> <!-- TC_111_And_116_To_Validate_the_working_of_the_restore_option_with_Invalid_display_names_and_valid_blockheight_and_Date -->
  <testcase classname="Bchat.TestScenarios.SignIn_Fow_RestorefromBlockheight_Screen" name="TC_110_To_Validate_the_working_of_the_restore_option_with_valid_datas_display_name_and_valid_blockheight" time="0.155">
    <error message="A session is either terminated or not started
Build info: version: &#039;4.13.0&#039;, revision: &#039;ba948ece5b*&#039;
System info: os.name: &#039;Windows 11&#039;, os.arch: &#039;amd64&#039;, os.version: &#039;10.0&#039;, java.version: &#039;17.0.8&#039;
Driver info: io.appium.java_client.android.AndroidDriver
Command: [651f0a5a-24e6-424d-8f32-89d298833caa, findElement {using=id, value=io.beldex.bchat:id/restoreSeedWalletRestoreHeight}]
Capabilities {appium:app: C:\Users\itsup\eclipse-work..., appium:appPackage: io.beldex.bchat, appium:appWaitActivity: com.thoughtcrimes.securesms..., appium:autoGrantPermissions: true, appium:automationName: UiAutomator2, appium:databaseEnabled: false, appium:desired: {app: C:\Users\itsup\eclipse-work..., appPackage: io.beldex.bchat, appWaitActivity: com.thoughtcrimes.securesms..., autoGrantPermissions: true, automationName: UiAutomator2, deviceName: one plus nord ce 3, fullReset: true, ignoreHiddenApiPolicyError: true, platformName: ANDROID, platformVersion: 13, udid: d6a08b3e}, appium:deviceApiLevel: 34, appium:deviceManufacturer: OnePlus, appium:deviceModel: CPH2467, appium:deviceName: d6a08b3e, appium:deviceScreenDensity: 480, appium:deviceScreenSize: 1080x2400, appium:deviceUDID: d6a08b3e, appium:fullReset: true, appium:ignoreHiddenApiPolicyError: true, appium:javascriptEnabled: true, appium:locationContextEnabled: false, appium:networkConnectionEnabled: true, appium:pixelRatio: 3, appium:platformVersion: 14, appium:statBarHeight: 107, appium:takesScreenshot: true, appium:udid: d6a08b3e, appium:viewportRect: {height: 2186, left: 0, top: 107, width: 1080}, appium:warnings: {}, appium:webStorageEnabled: false, platformName: ANDROID}
Session ID: 651f0a5a-24e6-424d-8f32-89d298833caa" type="org.openqa.selenium.NoSuchSessionException">
      <![CDATA[org.openqa.selenium.NoSuchSessionException: A session is either terminated or not started
Build info: version: '4.13.0', revision: 'ba948ece5b*'
System info: os.name: 'Windows 11', os.arch: 'amd64', os.version: '10.0', java.version: '17.0.8'
Driver info: io.appium.java_client.android.AndroidDriver
Command: [651f0a5a-24e6-424d-8f32-89d298833caa, findElement {using=id, value=io.beldex.bchat:id/restoreSeedWalletRestoreHeight}]
Capabilities {appium:app: C:\Users\itsup\eclipse-work..., appium:appPackage: io.beldex.bchat, appium:appWaitActivity: com.thoughtcrimes.securesms..., appium:autoGrantPermissions: true, appium:automationName: UiAutomator2, appium:databaseEnabled: false, appium:desired: {app: C:\Users\itsup\eclipse-work..., appPackage: io.beldex.bchat, appWaitActivity: com.thoughtcrimes.securesms..., autoGrantPermissions: true, automationName: UiAutomator2, deviceName: one plus nord ce 3, fullReset: true, ignoreHiddenApiPolicyError: true, platformName: ANDROID, platformVersion: 13, udid: d6a08b3e}, appium:deviceApiLevel: 34, appium:deviceManufacturer: OnePlus, appium:deviceModel: CPH2467, appium:deviceName: d6a08b3e, appium:deviceScreenDensity: 480, appium:deviceScreenSize: 1080x2400, appium:deviceUDID: d6a08b3e, appium:fullReset: true, appium:ignoreHiddenApiPolicyError: true, appium:javascriptEnabled: true, appium:locationContextEnabled: false, appium:networkConnectionEnabled: true, appium:pixelRatio: 3, appium:platformVersion: 14, appium:statBarHeight: 107, appium:takesScreenshot: true, appium:udid: d6a08b3e, appium:viewportRect: {height: 2186, left: 0, top: 107, width: 1080}, appium:warnings: {}, appium:webStorageEnabled: false, platformName: ANDROID}
Session ID: 651f0a5a-24e6-424d-8f32-89d298833caa
at java.base/jdk.internal.reflect.NativeConstructorAccessorImpl.newInstance0(Native Method)
at java.base/jdk.internal.reflect.NativeConstructorAccessorImpl.newInstance(NativeConstructorAccessorImpl.java:77)
at java.base/jdk.internal.reflect.DelegatingConstructorAccessorImpl.newInstance(DelegatingConstructorAccessorImpl.java:45)
at java.base/java.lang.reflect.Constructor.newInstanceWithCaller(Constructor.java:499)
at java.base/java.lang.reflect.Constructor.newInstance(Constructor.java:480)
at org.openqa.selenium.remote.codec.w3c.W3CHttpResponseCodec.createException(W3CHttpResponseCodec.java:200)
at org.openqa.selenium.remote.codec.w3c.W3CHttpResponseCodec.decode(W3CHttpResponseCodec.java:133)
at org.openqa.selenium.remote.codec.w3c.W3CHttpResponseCodec.decode(W3CHttpResponseCodec.java:52)
at org.openqa.selenium.remote.HttpCommandExecutor.execute(HttpCommandExecutor.java:191)
at io.appium.java_client.remote.AppiumCommandExecutor.execute(AppiumCommandExecutor.java:250)
at org.openqa.selenium.remote.RemoteWebDriver.execute(RemoteWebDriver.java:602)
at org.openqa.selenium.remote.ElementLocation$ElementFinder$2.findElement(ElementLocation.java:165)
at org.openqa.selenium.remote.ElementLocation.findElement(ElementLocation.java:59)
at org.openqa.selenium.remote.RemoteWebDriver.findElement(RemoteWebDriver.java:359)
at org.openqa.selenium.remote.RemoteWebDriver.findElement(RemoteWebDriver.java:353)
at io.appium.java_client.pagefactory.bys.builder.ByChained.lambda$getSearchingFunction$0(ByChained.java:41)
at org.openqa.selenium.support.ui.FluentWait.until(FluentWait.java:205)
at io.appium.java_client.pagefactory.bys.builder.ByChained.findElement(ByChained.java:75)
at org.openqa.selenium.remote.ElementLocation$ElementFinder$1.findElement(ElementLocation.java:139)
at org.openqa.selenium.remote.ElementLocation.findElement(ElementLocation.java:59)
at org.openqa.selenium.remote.RemoteWebDriver.findElement(RemoteWebDriver.java:359)
at org.openqa.selenium.remote.RemoteWebDriver.findElement(RemoteWebDriver.java:353)
at io.appium.java_client.pagefactory.bys.ContentMappedBy.findElement(ContentMappedBy.java:53)
at org.openqa.selenium.remote.ElementLocation$ElementFinder$1.findElement(ElementLocation.java:139)
at org.openqa.selenium.remote.ElementLocation.findElement(ElementLocation.java:59)
at org.openqa.selenium.remote.RemoteWebDriver.findElement(RemoteWebDriver.java:359)
at org.openqa.selenium.remote.RemoteWebDriver.findElement(RemoteWebDriver.java:353)
at io.appium.java_client.pagefactory.AppiumElementLocator.lambda$findElement$1(AppiumElementLocator.java:160)
at io.appium.java_client.pagefactory.AppiumElementLocator$WaitingFunction.apply(AppiumElementLocator.java:217)
at io.appium.java_client.pagefactory.AppiumElementLocator$WaitingFunction.apply(AppiumElementLocator.java:210)
at org.openqa.selenium.support.ui.FluentWait.until(FluentWait.java:205)
at io.appium.java_client.pagefactory.AppiumElementLocator.waitFor(AppiumElementLocator.java:135)
at io.appium.java_client.pagefactory.AppiumElementLocator.findElement(AppiumElementLocator.java:160)
at io.appium.java_client.pagefactory.interceptors.InterceptorOfASingleElement.call(InterceptorOfASingleElement.java:64)
at io.appium.java_client.proxy.Interceptor.intercept(Interceptor.java:78)
at org.openqa.selenium.remote.RemoteWebElement$ByteBuddy$NUAJecW6.isDisplayed(Unknown Source)
at Bchat.TestScenarios.SignIn_Fow_RestorefromBlockheight_Screen.TC_110_To_Validate_the_working_of_the_restore_option_with_valid_datas_display_name_and_valid_blockheight(SignIn_Fow_RestorefromBlockheight_Screen.java:200)
at java.base/jdk.internal.reflect.NativeMethodAccessorImpl.invoke0(Native Method)
at java.base/jdk.internal.reflect.NativeMethodAccessorImpl.invoke(NativeMethodAccessorImpl.java:77)
at java.base/jdk.internal.reflect.DelegatingMethodAccessorImpl.invoke(DelegatingMethodAccessorImpl.java:43)
at java.base/java.lang.reflect.Method.invoke(Method.java:568)
at org.testng.internal.MethodInvocationHelper.invokeMethod(MethodInvocationHelper.java:124)
at org.testng.internal.Invoker.invokeMethod(Invoker.java:583)
at org.testng.internal.Invoker.invokeTestMethod(Invoker.java:719)
at org.testng.internal.Invoker.invokeTestMethods(Invoker.java:989)
at org.testng.internal.TestMethodWorker.invokeTestMethods(TestMethodWorker.java:125)
at org.testng.internal.TestMethodWorker.run(TestMethodWorker.java:109)
at org.testng.TestRunner.privateRun(TestRunner.java:648)
at org.testng.TestRunner.run(TestRunner.java:505)
at org.testng.SuiteRunner.runTest(SuiteRunner.java:455)
at org.testng.SuiteRunner.runSequentially(SuiteRunner.java:450)
at org.testng.SuiteRunner.privateRun(SuiteRunner.java:415)
at org.testng.SuiteRunner.run(SuiteRunner.java:364)
at org.testng.SuiteRunnerWorker.runSuite(SuiteRunnerWorker.java:52)
at org.testng.SuiteRunnerWorker.run(SuiteRunnerWorker.java:84)
at org.testng.TestNG.runSuitesSequentially(TestNG.java:1208)
at org.testng.TestNG.runSuitesLocally(TestNG.java:1137)
at org.testng.TestNG.runSuites(TestNG.java:1049)
at org.testng.TestNG.run(TestNG.java:1017)
at org.testng.remote.AbstractRemoteTestNG.run(AbstractRemoteTestNG.java:115)
at org.testng.remote.RemoteTestNG.initAndRun(RemoteTestNG.java:251)
at org.testng.remote.RemoteTestNG.main(RemoteTestNG.java:77)
]]>
    </error>
  </testcase> <!-- TC_110_To_Validate_the_working_of_the_restore_option_with_valid_datas_display_name_and_valid_blockheight -->
  <testcase classname="Bchat.TestScenarios.SignIn_Fow_RestorefromBlockheight_Screen" name="TC_110_To_Validate_the_working_of_the_restore_option_with_valid_datas_display_name_and_valid_blockheight" time="0.128">
    <error message="A session is either terminated or not started
Build info: version: &#039;4.13.0&#039;, revision: &#039;ba948ece5b*&#039;
System info: os.name: &#039;Windows 11&#039;, os.arch: &#039;amd64&#039;, os.version: &#039;10.0&#039;, java.version: &#039;17.0.8&#039;
Driver info: io.appium.java_client.android.AndroidDriver
Command: [651f0a5a-24e6-424d-8f32-89d298833caa, findElement {using=id, value=io.beldex.bchat:id/restoreSeedWalletRestoreHeight}]
Capabilities {appium:app: C:\Users\itsup\eclipse-work..., appium:appPackage: io.beldex.bchat, appium:appWaitActivity: com.thoughtcrimes.securesms..., appium:autoGrantPermissions: true, appium:automationName: UiAutomator2, appium:databaseEnabled: false, appium:desired: {app: C:\Users\itsup\eclipse-work..., appPackage: io.beldex.bchat, appWaitActivity: com.thoughtcrimes.securesms..., autoGrantPermissions: true, automationName: UiAutomator2, deviceName: one plus nord ce 3, fullReset: true, ignoreHiddenApiPolicyError: true, platformName: ANDROID, platformVersion: 13, udid: d6a08b3e}, appium:deviceApiLevel: 34, appium:deviceManufacturer: OnePlus, appium:deviceModel: CPH2467, appium:deviceName: d6a08b3e, appium:deviceScreenDensity: 480, appium:deviceScreenSize: 1080x2400, appium:deviceUDID: d6a08b3e, appium:fullReset: true, appium:ignoreHiddenApiPolicyError: true, appium:javascriptEnabled: true, appium:locationContextEnabled: false, appium:networkConnectionEnabled: true, appium:pixelRatio: 3, appium:platformVersion: 14, appium:statBarHeight: 107, appium:takesScreenshot: true, appium:udid: d6a08b3e, appium:viewportRect: {height: 2186, left: 0, top: 107, width: 1080}, appium:warnings: {}, appium:webStorageEnabled: false, platformName: ANDROID}
Session ID: 651f0a5a-24e6-424d-8f32-89d298833caa" type="org.openqa.selenium.NoSuchSessionException">
      <![CDATA[org.openqa.selenium.NoSuchSessionException: A session is either terminated or not started
Build info: version: '4.13.0', revision: 'ba948ece5b*'
System info: os.name: 'Windows 11', os.arch: 'amd64', os.version: '10.0', java.version: '17.0.8'
Driver info: io.appium.java_client.android.AndroidDriver
Command: [651f0a5a-24e6-424d-8f32-89d298833caa, findElement {using=id, value=io.beldex.bchat:id/restoreSeedWalletRestoreHeight}]
[...]
at io.netty.channel.socket.nio.NioSocketChannel.doFinishConnect(NioSocketChannel.java:337)
at io.netty.channel.nio.AbstractNioChannel$AbstractNioUnsafe.finishConnect(AbstractNioChannel.java:334)
at io.netty.channel.nio.NioEventLoop.processSelectedKey(NioEventLoop.java:776)
at io.netty.channel.nio.NioEventLoop.processSelectedKeysOptimized(NioEventLoop.java:724)
at io.netty.channel.nio.NioEventLoop.processSelectedKeys(NioEventLoop.java:650)
at io.netty.channel.nio.NioEventLoop.run(NioEventLoop.java:562)
at io.netty.util.concurrent.SingleThreadEventExecutor$4.run(SingleThreadEventExecutor.java:997)
at io.netty.util.internal.ThreadExecutorMap$2.run(ThreadExecutorMap.java:74)
at io.netty.util.concurrent.FastThreadLocalRunnable.run(FastThreadLocalRunnable.java:30)
at java.base/java.lang.Thread.run(Thread.java:833)
]]>
    </error>
  </testcase> <!-- TC_119_To_validate_the_working_of_the_restore_option_by_paste_values_in_textboxes -->
  <testcase classname="Bchat.TestScenarios.SignIn_Fow_RestorefromBlockheight_Screen" name="TC_118_To_Validate_the_working_of_the_restore_with_valid_display_name_and_valid_restore_date" time="0.117">
    <error message="Connection refused: no further information
Build info: version: &#039;4.13.0&#039;, revision: &#039;ba948ece5b*&#039;
System info: os.name: &#039;Windows 11&#039;, os.arch: &#039;amd64&#039;, os.version: &#039;10.0&#039;, java.version: &#039;17.0.8&#039;
Driver info: io.appium.java_client.android.AndroidDriver
Command: [651f0a5a-24e6-424d-8f32-89d298833caa, findElement {using=id, value=io.beldex.bchat:id/restoreSeedWalletRestoreHeight}]
Capabilities {appium:app: C:\Users\itsup\eclipse-work..., appium:appPackage: io.beldex.bchat, appium:appWaitActivity: com.thoughtcrimes.securesms..., appium:autoGrantPermissions: true, appium:automationName: UiAutomator2, appium:databaseEnabled: false, appium:desired: {app: C:\Users\itsup\eclipse-work..., appPackage: io.beldex.bchat, appWaitActivity: com.thoughtcrimes.securesms..., autoGrantPermissions: true, automationName: UiAutomator2, deviceName: one plus nord ce 3, fullReset: true, ignoreHiddenApiPolicyError: true, platformName: ANDROID, platformVersion: 13, udid: d6a08b3e}, appium:deviceApiLevel: 34, appium:deviceManufacturer: OnePlus, appium:deviceModel: CPH2467, appium:deviceName: d6a08b3e, appium:deviceScreenDensity: 480, appium:deviceScreenSize: 1080x2400, appium:deviceUDID: d6a08b3e, appium:fullReset: true, appium:ignoreHiddenApiPolicyError: true, appium:javascriptEnabled: true, appium:locationContextEnabled: false, appium:networkConnectionEnabled: true, appium:pixelRatio: 3, appium:platformVersion: 14, appium:statBarHeight: 107, appium:takesScreenshot: true, appium:udid: d6a08b3e, appium:viewportRect: {height: 2186, left: 0, top: 107, width: 1080}, appium:warnings: {}, appium:webStorageEnabled: false, platformName: ANDROID}
Session ID: 651f0a5a-24e6-424d-8f32-89d298833caa" type="org.openqa.selenium.WebDriverException">
      <![CDATA[org.openqa.selenium.WebDriverException: Connection refused: no further information
Build info: version: '4.13.0', revision: 'ba948ece5b*'
System info: os.name: 'Windows 11', os.arch: 'amd64', os.version: '10.0', java.version: '17.0.8'
Driver info: io.appium.java_client.android.AndroidDriver
Command: [651f0a5a-24e6-424d-8f32-89d298833caa, findElement {using=id, value=io.beldex.bchat:id/restoreSeedWalletRestoreHeight}]
Capabilities {appium:app: C:\Users\itsup\eclipse-work..., appium:appPackage: io.beldex.bchat, appium:appWaitActivity: com.thoughtcrimes.securesms..., appium:autoGrantPermissions: true, appium:automationName: UiAutomator2, appium:databaseEnabled: false, appium:desired: {app: C:\Users\itsup\eclipse-work..., appPackage: io.beldex.bchat, appWaitActivity: com.thoughtcrimes.securesms..., autoGrantPermissions: true, automationName: UiAutomator2, deviceName: one plus nord ce 3, fullReset: true, ignoreHiddenApiPolicyError: true, platformName: ANDROID, platformVersion: 13, udid: d6a08b3e}, appium:deviceApiLevel: 34, appium:deviceManufacturer: OnePlus, appium:deviceModel: CPH2467, appium:deviceName: d6a08b3e, appium:deviceScreenDensity: 480, appium:deviceScreenSize: 1080x2400, appium:deviceUDID: d6a08b3e, appium:fullReset: true, appium:ignoreHiddenApiPolicyError: true, appium:javascriptEnabled: true, appium:locationContextEnabled: false, appium:networkConnectionEnabled: true, appium:pixelRatio: 3, appium:platformVersion: 14, appium:statBarHeight: 107, appium:takesScreenshot: true, appium:udid: d6a08b3e, appium:viewportRect: {height: 2186, left: 0, top: 107, width: 1080}, appium:warnings: {}, appium:webStorageEnabled: false, platformName: ANDROID}
Session ID: 651f0a5a-24e6-424d-8f32-89d298833caa
at io.appium.java_client.remote.AppiumCommandExecutor.lambda$execute$4(AppiumCommandExecutor.java:262)
at java.base/java.util.Optional.orElseGet(Optional.java:364)
at io.appium.java_client.remote.AppiumCommandExecutor.execute(AppiumCommandExecutor.java:261)
at org.openqa.selenium.remote.RemoteWebDriver.execute(RemoteWebDriver.java:602)
at org.openqa.selenium.remote.ElementLocation$ElementFinder$2.findElement(ElementLocation.java:165)
at org.openqa.selenium.remote.ElementLocation.findElement(ElementLocation.java:59)
at org.openqa.selenium.remote.RemoteWebDriver.findElement(RemoteWebDriver.java:359)
at org.openqa.selenium.remote.RemoteWebDriver.findElement(RemoteWebDriver.java:353)
at io.appium.java_client.pagefactory.bys.builder.ByChained.lambda$getSearchingFunction$0(ByChained.java:41)
at org.openqa.selenium.support.ui.FluentWait.until(FluentWait.java:205)
at io.appium.java_client.pagefactory.bys.builder.ByChained.findElement(ByChained.java:75)
at org.openqa.selenium.remote.ElementLocation$ElementFinder$1.findElement(ElementLocation.java:139)
at org.openqa.selenium.remote.ElementLocation.findElement(ElementLocation.java:59)
at org.openqa.selenium.remote.RemoteWebDriver.findElement(RemoteWebDriver.java:359)
at org.openqa.selenium.remote.RemoteWebDriver.findElement(RemoteWebDriver.java:353)
at io.appium.java_client.pagefactory.bys.ContentMappedBy.findElement(ContentMappedBy.java:53)
at org.openqa.selenium.remote.ElementLocation$ElementFinder$1.findElement(ElementLocation.java:139)
at org.openqa.selenium.remote.ElementLocation.findElement(ElementLocation.java:59)
at org.openqa.selenium.remote.RemoteWebDriver.findElement(RemoteWebDriver.java:359)
at org.openqa.selenium.remote.RemoteWebDriver.findElement(RemoteWebDriver.java:353)
at io.appium.java_client.pagefactory.AppiumElementLocator.lambda$findElement$1(AppiumElementLocator.java:160)
at io.appium.java_client.pagefactory.AppiumElementLocator$WaitingFunction.apply(AppiumElementLocator.java:217)
at io.appium.java_client.pagefactory.AppiumElementLocator$WaitingFunction.apply(AppiumElementLocator.java:210)
at org.openqa.selenium.support.ui.FluentWait.until(FluentWait.java:205)
at io.appium.java_client.pagefactory.AppiumElementLocator.waitFor(AppiumElementLocator.java:135)
at io.appium.java_client.pagefactory.AppiumElementLocator.findElement(AppiumElementLocator.java:160)
at io.appium.java_client.pagefactory.interceptors.InterceptorOfASingleElement.call(InterceptorOfASingleElement.java:64)
at io.appium.java_client.proxy.Interceptor.intercept(Interceptor.java:78)
at org.openqa.selenium.remote.RemoteWebElement$ByteBuddy$hpyov1RL.isDisplayed(Unknown Source)
at Bchat.TestScenarios.SignIn_Fow_RestorefromBlockheight_Screen.TC_118_To_Validate_the_working_of_the_restore_with_valid_display_name_and_valid_restore_date(SignIn_Fow_RestorefromBlockheight_Screen.java:329)
at java.base/jdk.internal.reflect.NativeMethodAccessorImpl.invoke0(Native Method)
at java.base/jdk.internal.reflect.NativeMethodAccessorImpl.invoke(NativeMethodAccessorImpl.java:77)
at java.base/jdk.internal.reflect.DelegatingMethodAccessorImpl.invoke(DelegatingMethodAccessorImpl.java:43)
at java.base/java.lang.reflect.Method.invoke(Method.java:568)
at org.testng.internal.MethodInvocationHelper.invokeMethod(MethodInvocationHelper.java:124)
at org.testng.internal.Invoker.invokeMethod(Invoker.java:583)
at org.testng.internal.Invoker.invokeTestMethod(Invoker.java:719)
at org.testng.internal.Invoker.invokeTestMethods(Invoker.java:989)
at org.testng.internal.TestMethodWorker.invokeTestMethods(TestMethodWorker.java:125)
at org.testng.internal.TestMethodWorker.run(TestMethodWorker.java:109)
at org.testng.TestRunner.privateRun(TestRunner.java:648)
at org.testng.TestRunner.run(TestRunner.java:505)
at org.testng.SuiteRunner.runTest(SuiteRunner.java:455)
at org.testng.SuiteRunner.runSequentially(SuiteRunner.java:450)
at org.testng.SuiteRunner.privateRun(SuiteRunner.java:415)
at org.testng.SuiteRunner.run(SuiteRunner.java:364)
at org.testng.SuiteRunnerWorker.runSuite(SuiteRunnerWorker.java:52)
at org.testng.SuiteRunnerWorker.run(SuiteRunnerWorker.java:84)
at org.testng.TestNG.runSuitesSequentially(TestNG.java:1208)
at org.testng.TestNG.runSuitesLocally(TestNG.java:1137)
at org.testng.TestNG.runSuites(TestNG.java:1049)
at org.testng.TestNG.run(TestNG.java:1017)
at org.testng.remote.AbstractRemoteTestNG.run(AbstractRemoteTestNG.java:115)
at org.testng.remote.RemoteTestNG.initAndRun(RemoteTestNG.java:251)
at org.testng.remote.RemoteTestNG.main(RemoteTestNG.java:77)
Caused by: java.net.ConnectException: Connection refused: no further information
at java.base/sun.nio.ch.Net.pollConnect(Native Method)
at java.base/sun.nio.ch.Net.pollConnectNow(Net.java:672)
at java.base/sun.nio.ch.SocketChannelImpl.finishConnect(SocketChannelImpl.java:946)
at io.netty.channel.socket.nio.NioSocketChannel.doFinishConnect(NioSocketChannel.java:337)
at io.netty.channel.nio.AbstractNioChannel$AbstractNioUnsafe.finishConnect(AbstractNioChannel.java:334)
at io.netty.channel.nio.NioEventLoop.processSelectedKey(NioEventLoop.java:776)
at io.netty.channel.nio.NioEventLoop.processSelectedKeysOptimized(NioEventLoop.java:724)
at io.netty.channel.nio.NioEventLoop.processSelectedKeys(NioEventLoop.java:650)
at io.netty.channel.nio.NioEventLoop.run(NioEventLoop.java:562)
at io.netty.util.concurrent.SingleThreadEventExecutor$4.run(SingleThreadEventExecutor.java:997)
at io.netty.util.internal.ThreadExecutorMap$2.run(ThreadExecutorMap.java:74)
at io.netty.util.concurrent.FastThreadLocalRunnable.run(FastThreadLocalRunnable.java:30)
at java.base/java.lang.Thread.run(Thread.java:833)
]]>
    </error>
  </testcase> <!-- TC_118_To_Validate_the_working_of_the_restore_with_valid_display_name_and_valid_restore_date -->
  <testcase classname="Bchat.TestScenarios.SignIn_Fow_RestorefromBlockheight_Screen" name="TC_TO_validate_Navigation_To_home_with_Valid_Password" time="0.381">
    <error message="Connection refused: no further information
Build info: version: &#039;4.13.0&#039;, revision: &#039;ba948ece5b*&#039;
System info: os.name: &#039;Windows 11&#039;, os.arch: &#039;amd64&#039;, os.version: &#039;10.0&#039;, java.version: &#039;17.0.8&#039;
Driver info: io.appium.java_client.android.AndroidDriver
Command: [651f0a5a-24e6-424d-8f32-89d298833caa, findElement {using=id, value=io.beldex.bchat:id/title_name}]
Capabilities {appium:app: C:\Users\itsup\eclipse-work..., appium:appPackage: io.beldex.bchat, appium:appWaitActivity: com.thoughtcrimes.securesms..., appium:autoGrantPermissions: true, appium:automationName: UiAutomator2, appium:databaseEnabled: false, appium:desired: {app: C:\Users\itsup\eclipse-work..., appPackage: io.beldex.bchat, appWaitActivity: com.thoughtcrimes.securesms..., autoGrantPermissions: true, automationName: UiAutomator2, deviceName: one plus nord ce 3, fullReset: true, ignoreHiddenApiPolicyError: true, platformName: ANDROID, platformVersion: 13, udid: d6a08b3e}, appium:deviceApiLevel: 34, appium:deviceManufacturer: OnePlus, appium:deviceModel: CPH2467, appium:deviceName: d6a08b3e, appium:deviceScreenDensity: 480, appium:deviceScreenSize: 1080x2400, appium:deviceUDID: d6a08b3e, appium:fullReset: true, appium:ignoreHiddenApiPolicyError: true, appium:javascriptEnabled: true, appium:locationContextEnabled: false, appium:networkConnectionEnabled: true, appium:pixelRatio: 3, appium:platformVersion: 14, appium:statBarHeight: 107, appium:takesScreenshot: true, appium:udid: d6a08b3e, appium:viewportRect: {height: 2186, left: 0, top: 107, width: 1080}, appium:warnings: {}, appium:webStorageEnabled: false, platformName: ANDROID}
Session ID: 651f0a5a-24e6-424d-8f32-89d298833caa" type="org.openqa.selenium.WebDriverException">
      <![CDATA[org.openqa.selenium.WebDriverException: Connection refused: no further information
Build info: version: '4.13.0', revision: 'ba948ece5b*'
System info: os.name: 'Windows 11', os.arch: 'amd64', os.version: '10.0', java.version: '17.0.8'
Driver info: io.appium.java_client.android.AndroidDriver
Command: [651f0a5a-24e6-424d-8f32-89d298833caa, findElement {using=id, value=io.beldex.bchat:id/title_name}]
Capabilities {appium:app: C:\Users\itsup\eclipse-work..., appium:appPackage: io.beldex.bchat, appium:appWaitActivity: com.thoughtcrimes.securesms..., appium:autoGrantPermissions: true, appium:automationName: UiAutomator2, appium:databaseEnabled: false, appium:desired: {app: C:\Users\itsup\eclipse-work..., appPackage: io.beldex.bchat, appWaitActivity: com.thoughtcrimes.securesms..., autoGrantPermissions: true, automationName: UiAutomator2, deviceName: one plus nord ce 3, fullReset: true, ignoreHiddenApiPolicyError: true, platformName: ANDROID, platformVersion: 13, udid: d6a08b3e}, appium:deviceApiLevel: 34, appium:deviceManufacturer: OnePlus, appium:deviceModel: CPH2467, appium:deviceName: d6a08b3e, appium:deviceScreenDensity: 480, appium:deviceScreenSize: 1080x2400, appium:deviceUDID: d6a08b3e, appium:fullReset: true, appium:ignoreHiddenApiPolicyError: true, appium:javascriptEnabled: true, appium:locationContextEnabled: false, appium:networkConnectionEnabled: true, appium:pixelRatio: 3, appium:platformVersion: 14, appium:statBarHeight: 107, appium:takesScreenshot: true, appium:udid: d6a08b3e, appium:viewportRect: {height: 2186, left: 0, top: 107, width: 1080}, appium:warnings: {}, appium:webStorageEnabled: false, platformName: ANDROID}
Session ID: 651f0a5a-24e6-424d-8f32-89d298833caa
at io.appium.java_client.remote.AppiumCommandExecutor.lambda$execute$4(AppiumCommandExecutor.java:262)
at java.base/java.util.Optional.orElseGet(Optional.java:364)
at io.appium.java_client.remote.AppiumCommandExecutor.execute(AppiumCommandExecutor.java:261)
at org.openqa.selenium.remote.RemoteWebDriver.execute(RemoteWebDriver.java:602)
at org.openqa.selenium.remote.ElementLocation$ElementFinder$2.findElement(ElementLocation.java:165)
at org.openqa.selenium.remote.ElementLocation.findElement(ElementLocation.java:59)
at org.openqa.selenium.remote.RemoteWebDriver.findElement(RemoteWebDriver.java:359)
at org.openqa.selenium.remote.RemoteWebDriver.findElement(RemoteWebDriver.java:353)
at io.appium.java_client.pagefactory.bys.builder.ByChained.lambda$getSearchingFunction$0(ByChained.java:41)
at org.openqa.selenium.support.ui.FluentWait.until(FluentWait.java:205)
at io.appium.java_client.pagefactory.bys.builder.ByChained.findElement(ByChained.java:75)
at org.openqa.selenium.remote.ElementLocation$ElementFinder$1.findElement(ElementLocation.java:139)
at org.openqa.selenium.remote.ElementLocation.findElement(ElementLocation.java:59)
at org.openqa.selenium.remote.RemoteWebDriver.findElement(RemoteWebDriver.java:359)
at org.openqa.selenium.remote.RemoteWebDriver.findElement(RemoteWebDriver.java:353)
at io.appium.java_client.pagefactory.bys.ContentMappedBy.findElement(ContentMappedBy.java:53)
at org.openqa.selenium.remote.ElementLocation$ElementFinder$1.findElement(ElementLocation.java:139)
at org.openqa.selenium.remote.ElementLocation.findElement(ElementLocation.java:59)
at org.openqa.selenium.remote.RemoteWebDriver.findElement(RemoteWebDriver.java:359)
at org.openqa.selenium.remote.RemoteWebDriver.findElement(RemoteWebDriver.java:353)
at io.appium.java_client.pagefactory.AppiumElementLocator.lambda$findElement$1(AppiumElementLocator.java:160)
at io.appium.java_client.pagefactory.AppiumElementLocator$WaitingFunction.apply(AppiumElementLocator.java:217)
at io.appium.java_client.pagefactory.AppiumElementLocator$WaitingFunction.apply(AppiumElementLocator.java:210)
at org.openqa.selenium.support.ui.FluentWait.until(FluentWait.java:205)
at io.appium.java_client.pagefactory.AppiumElementLocator.waitFor(AppiumElementLocator.java:135)
at io.appium.java_client.pagefactory.AppiumElementLocator.findElement(AppiumElementLocator.java:160)
at io.appium.java_client.pagefactory.interceptors.InterceptorOfASingleElement.call(InterceptorOfASingleElement.java:64)
at io.appium.java_client.proxy.Interceptor.intercept(Interceptor.java:78)
at org.openqa.selenium.remote.RemoteWebElement$ByteBuddy$BzoroCud.getText(Unknown Source)
at POM.CreatePasswordPage.pageTitle(CreatePasswordPage.java:165)
at Bchat.TestScenarios.SignIn_Fow_RestorefromBlockheight_Screen.TC_TO_validate_Navigation_To_home_with_Valid_Password(SignIn_Fow_RestorefromBlockheight_Screen.java:350)
at java.base/jdk.internal.reflect.NativeMethodAccessorImpl.invoke0(Native Method)
at java.base/jdk.internal.reflect.NativeMethodAccessorImpl.invoke(NativeMethodAccessorImpl.java:77)
at java.base/jdk.internal.reflect.DelegatingMethodAccessorImpl.invoke(DelegatingMethodAccessorImpl.java:43)
at java.base/java.lang.reflect.Method.invoke(Method.java:568)
at org.testng.internal.MethodInvocationHelper.invokeMethod(MethodInvocationHelper.java:124)
at org.testng.internal.Invoker.invokeMethod(Invoker.java:583)
at org.testng.internal.Invoker.invokeTestMethod(Invoker.java:719)
at org.testng.internal.Invoker.invokeTestMethods(Invoker.java:989)
at org.testng.internal.TestMethodWorker.invokeTestMethods(TestMethodWorker.java:125)
at org.testng.internal.TestMethodWorker.run(TestMethodWorker.java:109)
at org.testng.TestRunner.privateRun(TestRunner.java:648)
at org.testng.TestRunner.run(TestRunner.java:505)
at org.testng.SuiteRunner.runTest(SuiteRunner.java:455)
at org.testng.SuiteRunner.runSequentially(SuiteRunner.java:450)
at org.testng.SuiteRunner.privateRun(SuiteRunner.java:415)
at org.testng.SuiteRunner.run(SuiteRunner.java:364)
at org.testng.SuiteRunnerWorker.runSuite(SuiteRunnerWorker.java:52)
at org.testng.SuiteRunnerWorker.run(SuiteRunnerWorker.java:84)
at org.testng.TestNG.runSuitesSequentially(TestNG.java:1208)
at org.testng.TestNG.runSuitesLocally(TestNG.java:1137)
at org.testng.TestNG.runSuites(TestNG.java:1049)
at org.testng.TestNG.run(TestNG.java:1017)
at org.testng.remote.AbstractRemoteTestNG.run(AbstractRemoteTestNG.java:115)
at org.testng.remote.RemoteTestNG.initAndRun(RemoteTestNG.java:251)
at org.testng.remote.RemoteTestNG.main(RemoteTestNG.java:77)
Caused by: java.net.ConnectException: Connection refused: no further information
at java.base/sun.nio.ch.Net.pollConnect(Native Method)
at java.base/sun.nio.ch.Net.pollConnectNow(Net.java:672)
at java.base/sun.nio.ch.SocketChannelImpl.finishConnect(SocketChannelImpl.java:946)
at io.netty.channel.socket.nio.NioSocketChannel.doFinishConnect(NioSocketChannel.java:337)
at io.netty.channel.nio.AbstractNioChannel$AbstractNioUnsafe.finishConnect(AbstractNioChannel.java:334)
at io.netty.channel.nio.NioEventLoop.processSelectedKey(NioEventLoop.java:776)
at io.netty.channel.nio.NioEventLoop.processSelectedKeysOptimized(NioEventLoop.java:724)
at io.netty.channel.nio.NioEventLoop.processSelectedKeys(NioEventLoop.java:650)
at io.netty.channel.nio.NioEventLoop.run(NioEventLoop.java:562)
at io.netty.util.concurrent.SingleThreadEventExecutor$4.run(SingleThreadEventExecutor.java:997)
at io.netty.util.internal.ThreadExecutorMap$2.run(ThreadExecutorMap.java:74)
at io.netty.util.concurrent.FastThreadLocalRunnable.run(FastThreadLocalRunnable.java:30)
at java.base/java.lang.Thread.run(Thread.java:833)
]]>
    </error>
  </testcase> <!-- TC_TO_validate_Navigation_To_home_with_Valid_Password -->
</testsuite> <!-- Bchat.TestScenarios.SignIn_Fow_RestorefromBlockheight_Screen -->
